 Fermi distribution function

Geometry optimization step: 1


********************************************************************************
 iSCC Total electronic   Diff electronic      SCC error    
    5   -0.41561110E+03   -0.11368684E-10    0.96447128E-05
********************************************************************************

 Total charge:    -0.00000000

 Atomic gross charges (e)
 Atom           Charge
    1       0.13549834
    2      -0.00108596
    3       0.02605294
    4      -0.11465804
    5      -0.18571030
    6       0.22352181
    7       0.13602593
    8      -0.00141527
    9       0.02726753
   10      -0.11304163
   11      -0.18656203
   12       0.22483664
   13       0.13695969
   14      -0.00068813
   15       0.02831701
   16      -0.11304531
   17       0.05458600
   18       0.06583558
   19       0.06561304
   20      -0.18942555
   21       0.13633023
   22      -0.00076744
   23       0.02569351
   24      -0.11169356
   25       0.05144708
   26       0.06496349
   27       0.06782637
   28      -0.18637915
   29       0.13579548
   30      -0.00151167
   31       0.02664874
   32      -0.11434957
   33      -0.18616352
   34       0.22354983
   35       0.13652830
   36      -0.00067654
   37       0.02756298
   38      -0.11134196
   39      -0.18780801
   40       0.22263259
   41       0.13676111
   42      -0.00010218
   43       0.02745191
   44      -0.11301093
   45       0.05405954
   46       0.06526468
   47       0.06665940
   48      -0.18957495
   49       0.13691094
   50      -0.00076804
   51       0.02628628
   52      -0.11191011
   53       0.05184316
   54       0.06657592
   55       0.06560698
   56      -0.18562796
   57       0.13584398
   58      -0.00136094
   59       0.02766231
   60      -0.11174760
   61      -0.18843998
   62       0.22153481
   63       0.13589710
   64       0.00020139
   65       0.02829794
   66      -0.11329859
   67       0.05402869
   68       0.06390531
   69       0.06686163
   70      -0.18622999
   71       0.22507110
   72       0.13612133
   73      -0.00072858
   74       0.02576033
   75      -0.11147212
   76      -0.18772052
   77       0.22250768
   78       0.13600809
   79      -0.00018055
   80       0.02636417
   81      -0.11282739
   82       0.05398031
   83       0.06354901
   84       0.06639961
   85      -0.18462613
   86       0.22450789
   87      -0.00160958
   88       0.02796672
   89      -0.18714135
   90       0.00006657
   91       0.02655901
   92       0.05224720
   93       0.06423728
   94       0.06647963
   95      -0.18394189
   96      -0.00082529
   97       0.02797552
   98      -0.18608201
   99      -0.00022808
  100       0.02919029
  101       0.05159085
  102       0.06545292
  103       0.06601499
  104      -0.18543333
  105      -0.00061633
  106       0.02653162
  107       0.05370165
  108       0.06525613
  109       0.06700579
  110      -0.18606429
  111       0.22618501
  112      -0.00023088
  113       0.02597395
  114      -0.18746334
  115       0.22449479
  116      -0.00092242
  117       0.02920218
  118       0.05699637
  119       0.06126452
  120       0.06703017
  121      -0.18920333
  122       0.22482732
  123      -0.00076887
  124       0.02680980
  125       0.05071490
  126       0.06543408
  127       0.06741360
  128      -0.18465732
  129      -0.00040932
  130       0.02854863
  131      -0.18462962
  132       0.22248766
  133      -0.00141886
  134       0.02770671
  135      -0.18490208
  136      -0.00096182
  137       0.02961855
  138       0.05777075
  139       0.06108680
  140       0.06693784
  141      -0.18809147
  142      -0.00012046
  143       0.02746293
  144      -0.18575735
  145       0.13616255
  146      -0.00078487
  147       0.02770342
  148      -0.11209696
  149       0.05279870
  150       0.06421861
  151       0.06716369
  152      -0.18666380
  153       0.13610166
  154      -0.00073072
  155       0.02857914
  156      -0.11525448
  157      -0.18564274
  158       0.13521194
  159      -0.00092597
  160       0.02889183
  161      -0.11419643
  162       0.05618658
  163       0.06190098
  164       0.06662134
  165      -0.18680936
  166       0.13629547
  167      -0.00102713
  168       0.02773971
  169      -0.11537573
  170       0.05768574
  171       0.06235154
  172       0.06783079
  173      -0.18981858
  174       0.13664035
  175      -0.00040808
  176       0.02753156
  177      -0.11315131
  178       0.05463649
  179       0.06488184
  180       0.06586472
  181      -0.18624603
  182       0.13677168
  183      -0.00069308
  184       0.02706931
  185      -0.11490290
  186      -0.18957890
  187       0.13629457
  188      -0.00045177
  189       0.02779741
  190      -0.11157017
  191      -0.18555417
  192       0.13644675
  193      -0.00053639
  194       0.02869312
  195      -0.11444529
  196      -0.18455715
  197       0.13609246
  198      -0.00136783
  199       0.02574767
  200      -0.11374471
  201      -0.18634797
  202       0.13644560
  203      -0.00049258
  204       0.02752778
  205      -0.11351943
  206       0.05496623
  207       0.06266128
  208       0.06754942
  209      -0.18734339
  210       0.13665558
  211      -0.00078004
  212       0.02691807
  213      -0.11307411
  214      -0.18873366
  215       0.13657349
  216      -0.00052750
  217       0.02722111
  218      -0.11332273
  219       0.05449190
  220       0.06552199
  221       0.06650047
  222      -0.18528261
  223      -0.00097700
  224       0.02584535
  225      -0.18622269
  226      -0.00112632
  227       0.02809249
  228       0.05576605
  229       0.06373965
  230       0.06724111
  231      -0.18592961
  232      -0.00139233
  233       0.02721544
  234      -0.18776527
  235      -0.00052161
  236       0.02844520
  237       0.05355360
  238       0.06532422
  239       0.06676210
  240      -0.18576987
  241      -0.00072237
  242       0.02591853
  243       0.05778330
  244       0.06254916
  245       0.06674954
  246      -0.18860779
  247      -0.00057798
  248       0.02641739
  249       0.05631612
  250       0.06368587
  251       0.06689014
  252      -0.18945550
  253      -0.00094798
  254       0.02798806
  255      -0.18612631
  256      -0.00096793
  257       0.02720448
  258       0.05675059
  259       0.06768637
  260       0.06372966
  261      -0.18631223
  262      -0.00063464
  263       0.02800775
  264       0.05113801
  265       0.06418433
  266       0.06750327
  267      -0.18935789
  268      -0.00081657
  269       0.02642387
  270      -0.18519290
  271      -0.00125607
  272       0.02832598
  273      -0.18806913
  274      -0.00088464
  275       0.02798590
  276      -0.18680385


 Atomic net (on-site) populations and hybridisation ratios
 Atom       Population         Hybrid.
    1       2.68248197      0.32937951
    2       2.75887207      0.31028198
    3       0.63193410      0.36806590
    4       2.67311915      0.33172021
    5       4.19753264      0.16049347
    6       1.07810327      0.46094836
    7       2.68178246      0.32955438
    8       2.75913856      0.31021536
    9       0.63063074      0.36936926
   10       2.67143342      0.33214164
   11       4.19816412      0.16036718
   12       1.07984704      0.46007648
   13       2.68074707      0.32981323
   14       2.75802241      0.31049440
   15       0.62941602      0.37058398
   16       2.67099567      0.33225108
   17       0.62477564      0.37522436
   18       0.60840694      0.39159306
   19       0.60922184      0.39077816
   20       4.20218401      0.15956320
   21       2.68115450      0.32971137
   22       2.75806747      0.31048313
   23       0.63229963      0.36770037
   24       2.67056054      0.33235986
   25       0.62774585      0.37225415
   26       0.61053035      0.38946965
   27       0.60567048      0.39432952
   28       4.19828158      0.16034368
   29       2.68223344      0.32944164
   30       2.75929673      0.31017582
   31       0.63130904      0.36869096
   32       2.67280846      0.33179789
   33       4.19806351      0.16038730
   34       1.07799065      0.46100468
   35       2.68111611      0.32972097
   36       2.75801660      0.31049585
   37       0.63030892      0.36969108
   38       2.67001978      0.33249505
   39       4.20028752      0.15994250
   40       1.07891473      0.46054263
   41       2.68108666      0.32972833
   42       2.75726136      0.31068466
   43       0.63031636      0.36968364
   44       2.67107778      0.33223055
   45       0.62536730      0.37463270
   46       0.60952168      0.39047832
   47       0.60757469      0.39242531
   48       4.20236808      0.15952638
   49       2.68065489      0.32983628
   50       2.75832119      0.31041970
   51       0.63160345      0.36839655
   52       2.67036425      0.33240894
   53       0.62747443      0.37252557
   54       0.60707698      0.39292302
   55       0.61008196      0.38991804
   56       4.19711100      0.16057780
   57       2.68192957      0.32951761
   58       2.75895894      0.31026027
   59       0.63014639      0.36985361
   60       2.67027151      0.33243212
   61       4.20140334      0.15971933
   62       1.07817846      0.46091077
   63       2.68203996      0.32949001
   64       2.75624711      0.31093822
   65       0.62953942      0.37046058
   66       2.67182119      0.33204470
   67       0.62468263      0.37531737
   68       0.61256304      0.38743696
   69       0.60631206      0.39368794
   70       4.19753837      0.16049233
   71       1.07972325      0.46013838
   72       2.68170204      0.32957449
   73       2.75840759      0.31039810
   74       0.63214764      0.36785236
   75       2.67008437      0.33247891
   76       4.20041713      0.15991657
   77       1.07842948      0.46078526
   78       2.68166170      0.32958458
   79       2.75693090      0.31076727
   80       0.63160456      0.36839544
   81       2.67130255      0.33217436
   82       0.62479642      0.37520358
   83       0.61276212      0.38723788
   84       0.60680321      0.39319679
   85       4.19591217      0.16081757
   86       1.07948252      0.46025874
   87       2.75930928      0.31017268
   88       0.62992600      0.37007400
   89       4.19935763      0.16012847
   90       2.75683431      0.31079142
   91       0.63134182      0.36865818
   92       0.62675692      0.37324308
   93       0.61147311      0.38852689
   94       0.60690897      0.39309103
   95       4.19504769      0.16099046
   96       2.75828937      0.31042766
   97       0.62987325      0.37012675
   98       4.19742883      0.16051423
   99       2.75675989      0.31081003
  100       0.62858252      0.37141748
  101       0.62763409      0.37236591
  102       0.60974263      0.39025737
  103       0.60778500      0.39221500
  104       4.19660005      0.16067999
  105       2.75766676      0.31058331
  106       0.63140658      0.36859342
  107       0.62544083      0.37455917
  108       0.61054132      0.38945868
  109       0.60637369      0.39362631
  110       4.19755331      0.16048934
  111       1.07987725      0.46006137
  112       2.75725283      0.31068679
  113       0.63192694      0.36807306
  114       4.19960630      0.16007874
  115       1.07891311      0.46054344
  116       2.75778035      0.31055491
  117       0.62859867      0.37140133
  118       0.62041769      0.37958231
  119       0.61669815      0.38330185
  120       0.60578090      0.39421910
  121       4.20265783      0.15946843
  122       1.07876044      0.46061978
  123       2.75807076      0.31048231
  124       0.63113753      0.36886247
  125       0.62854543      0.37145457
  126       0.60980809      0.39019191
  127       0.60634225      0.39365775
  128       4.19543613      0.16091277
  129       2.75721949      0.31069513
  130       0.62925318      0.37074682
  131       4.19555995      0.16088801
  132       1.07819788      0.46090106
  133       2.75892413      0.31026897
  134       0.63022766      0.36977234
  135       4.19605716      0.16078857
  136       2.75782327      0.31054418
  137       0.62822347      0.37177653
  138       0.61919312      0.38080688
  139       0.61720751      0.38279249
  140       0.60590858      0.39409142
  141       4.20100849      0.15979830
  142       2.75691096      0.31077226
  143       0.63034005      0.36965995
  144       4.19738305      0.16052339
  145       2.68166541      0.32958365
  146       2.75787934      0.31053017
  147       0.63011968      0.36988032
  148       2.67052263      0.33236934
  149       0.62616237      0.37383763
  150       0.61146520      0.38853480
  151       0.60623473      0.39376527
  152       4.19894085      0.16021183
  153       2.68179343      0.32955164
  154       2.75791075      0.31052231
  155       0.62922709      0.37077291
  156       2.67357006      0.33160749
  157       4.19722251      0.16055550
  158       2.68286620      0.32928345
  159       2.75768244      0.31057939
  160       0.62899485      0.37100515
  161       2.67264458      0.33183885
  162       0.62146118      0.37853882
  163       0.61590258      0.38409742
  164       0.60624267      0.39375733
  165       4.19854163      0.16029167
  166       2.68158842      0.32960289
  167       2.75813099      0.31046725
  168       0.63010400      0.36989600
  169       2.67369982      0.33157504
  170       0.62041437      0.37958563
  171       0.61488884      0.38511116
  172       0.60497662      0.39502338
  173       4.20345956      0.15930809
  174       2.68094203      0.32976449
  175       2.75734006      0.31066499
  176       0.63029956      0.36970044
  177       2.67111921      0.33222020
  178       0.62449473      0.37550527
  179       0.61085571      0.38914429
  180       0.60768633      0.39231367
  181       4.19809119      0.16038176
  182       2.68117145      0.32970714
  183       2.75773514      0.31056621
  184       0.63078189      0.36921811
  185       2.67309446      0.33172638
  186       4.20301277      0.15939745
  187       2.68155310      0.32961173
  188       2.75759903      0.31060024
  189       0.63003829      0.36996171
  190       2.67021737      0.33244566
  191       4.19700130      0.16059974
  192       2.68146993      0.32963252
  193       2.75763417      0.31059146
  194       0.62913540      0.37086460
  195       2.67274746      0.33181313
  196       4.19536551      0.16092690
  197       2.68163398      0.32959150
  198       2.75926921      0.31018270
  199       0.63220795      0.36779205
  200       2.67221266      0.33194683
  201       4.19798295      0.16040341
  202       2.68143091      0.32964227
  203       2.75721572      0.31069607
  204       0.63037286      0.36962714
  205       2.67193133      0.33201717
  206       0.62354130      0.37645870
  207       0.61437639      0.38562361
  208       0.60542713      0.39457287
  209       4.19945066      0.16010987
  210       2.68117296      0.32970676
  211       2.75837366      0.31040658
  212       0.63094079      0.36905921
  213       2.67150498      0.33212376
  214       4.20151875      0.15969625
  215       2.68103699      0.32974075
  216       2.75738050      0.31065488
  217       0.63070013      0.36929987
  218       2.67148989      0.33212753
  219       0.62483114      0.37516886
  220       0.60990930      0.39009070
  221       0.60720138      0.39279862
  222       4.19694457      0.16061109
  223       2.75888040      0.31027990
  224       0.63202611      0.36797389
  225       4.19764560      0.16047088
  226       2.75815022      0.31046244
  227       0.62987128      0.37012872
  228       0.62288419      0.37711581
  229       0.61269261      0.38730739
  230       0.60578612      0.39421388
  231       4.19795091      0.16040982
  232       2.75921907      0.31019523
  233       0.63067981      0.36932019
  234       4.20020275      0.15995945
  235       2.75718583      0.31070354
  236       0.62938336      0.37061664
  237       0.62568811      0.37431189
  238       0.61036751      0.38963249
  239       0.60686107      0.39313893
  240       4.19692259      0.16061548
  241       2.75795736      0.31051066
  242       0.63209663      0.36790337
  243       0.62003707      0.37996293
  244       0.61492625      0.38507375
  245       0.60615000      0.39385000
  246       4.20134345      0.15973131
  247       2.75771892      0.31057027
  248       0.63144949      0.36855051
  249       0.62231595      0.37768405
  250       0.61298327      0.38701673
  251       0.60618040      0.39381960
  252       4.20254590      0.15949082
  253       2.75829154      0.31042712
  254       0.62984874      0.37015126
  255       4.19786693      0.16042661
  256       2.75858242      0.31035439
  257       0.63063858      0.36936142
  258       0.62210566      0.37789434
  259       0.60542632      0.39457368
  260       0.61257453      0.38742547
  261       4.19807045      0.16038591
  262       2.75763800      0.31059050
  263       0.62979010      0.37020990
  264       0.62796979      0.37203021
  265       0.61148324      0.38851676
  266       0.60591207      0.39408793
  267       4.20260707      0.15947859
  268       2.75841245      0.31039689
  269       0.63144503      0.36855497
  270       4.19661393      0.16067721
  271       2.75874932      0.31031267
  272       0.62946642      0.37053358
  273       4.20084425      0.15983115
  274       2.75844140      0.31038965
  275       0.62993549      0.37006451
  276       4.19889008      0.16022198

Nr. of electrons (up):    768.00000000
Atom populations (up)
 Atom       Population
    1       3.86450166
    2       4.00108596
    3       0.97394706
    4       4.11465804
    5       5.18571030
    6       1.77647819
    7       3.86397407
    8       4.00141527
    9       0.97273247
   10       4.11304163
   11       5.18656203
   12       1.77516336
   13       3.86304031
   14       4.00068813
   15       0.97168299
   16       4.11304531
   17       0.94541400
   18       0.93416442
   19       0.93438696
   20       5.18942555
   21       3.86366977
   22       4.00076744
   23       0.97430649
   24       4.11169356
   25       0.94855292
   26       0.93503651
   27       0.93217363
   28       5.18637915
   29       3.86420452
   30       4.00151167
   31       0.97335126
   32       4.11434957
   33       5.18616352
   34       1.77645017
   35       3.86347170
   36       4.00067654
   37       0.97243702
   38       4.11134196
   39       5.18780801
   40       1.77736741
   41       3.86323889
   42       4.00010218
   43       0.97254809
   44       4.11301093
   45       0.94594046
   46       0.93473532
   47       0.93334060
   48       5.18957495
   49       3.86308906
   50       4.00076804
   51       0.97371372
   52       4.11191011
   53       0.94815684
   54       0.93342408
   55       0.93439302
   56       5.18562796
   57       3.86415602
   58       4.00136094
   59       0.97233769
   60       4.11174760
   61       5.18843998
   62       1.77846519
   63       3.86410290
   64       3.99979861
   65       0.97170206
   66       4.11329859
   67       0.94597131
   68       0.93609469
   69       0.93313837
   70       5.18622999
   71       1.77492890
   72       3.86387867
   73       4.00072858
   74       0.97423967
   75       4.11147212
   76       5.18772052
   77       1.77749232
   78       3.86399191
   79       4.00018055
   80       0.97363583
   81       4.11282739
   82       0.94601969
   83       0.93645099
   84       0.93360039
   85       5.18462613
   86       1.77549211
   87       4.00160958
   88       0.97203328
   89       5.18714135
   90       3.99993343
   91       0.97344099
   92       0.94775280
   93       0.93576272
   94       0.93352037
   95       5.18394189
   96       4.00082529
   97       0.97202448
   98       5.18608201
   99       4.00022808
  100       0.97080971
  101       0.94840915
  102       0.93454708
  103       0.93398501
  104       5.18543333
  105       4.00061633
  106       0.97346838
  107       0.94629835
  108       0.93474387
  109       0.93299421
  110       5.18606429
  111       1.77381499
  112       4.00023088
  113       0.97402605
  114       5.18746334
  115       1.77550521
  116       4.00092242
  117       0.97079782
  118       0.94300363
  119       0.93873548
  120       0.93296983
  121       5.18920333
  122       1.77517268
  123       4.00076887
  124       0.97319020
  125       0.94928510
  126       0.93456592
  127       0.93258640
  128       5.18465732
  129       4.00040932
  130       0.97145137
  131       5.18462962
  132       1.77751234
  133       4.00141886
  134       0.97229329
  135       5.18490208
  136       4.00096182
  137       0.97038145
  138       0.94222925
  139       0.93891320
  140       0.93306216
  141       5.18809147
  142       4.00012046
  143       0.97253707
  144       5.18575735
  145       3.86383745
  146       4.00078487
  147       0.97229658
  148       4.11209696
  149       0.94720130
  150       0.93578139
  151       0.93283631
  152       5.18666380
  153       3.86389834
  154       4.00073072
  155       0.97142086
  156       4.11525448
  157       5.18564274
  158       3.86478806
  159       4.00092597
  160       0.97110817
  161       4.11419643
  162       0.94381342
  163       0.93809902
  164       0.93337866
  165       5.18680936
  166       3.86370453
  167       4.00102713
  168       0.97226029
  169       4.11537573
  170       0.94231426
  171       0.93764846
  172       0.93216921
  173       5.18981858
  174       3.86335965
  175       4.00040808
  176       0.97246844
  177       4.11315131
  178       0.94536351
  179       0.93511816
  180       0.93413528
  181       5.18624603
  182       3.86322832
  183       4.00069308
  184       0.97293069
  185       4.11490290
  186       5.18957890
  187       3.86370543
  188       4.00045177
  189       0.97220259
  190       4.11157017
  191       5.18555417
  192       3.86355325
  193       4.00053639
  194       0.97130688
  195       4.11444529
  196       5.18455715
  197       3.86390754
  198       4.00136783
  199       0.97425233
  200       4.11374471
  201       5.18634797
  202       3.86355440
  203       4.00049258
  204       0.97247222
  205       4.11351943
  206       0.94503377
  207       0.93733872
  208       0.93245058
  209       5.18734339
  210       3.86334442
  211       4.00078004
  212       0.97308193
  213       4.11307411
  214       5.18873366
  215       3.86342651
  216       4.00052750
  217       0.97277889
  218       4.11332273
  219       0.94550810
  220       0.93447801
  221       0.93349953
  222       5.18528261
  223       4.00097700
  224       0.97415465
  225       5.18622269
  226       4.00112632
  227       0.97190751
  228       0.94423395
  229       0.93626035
  230       0.93275889
  231       5.18592961
  232       4.00139233
  233       0.97278456
  234       5.18776527
  235       4.00052161
  236       0.97155480
  237       0.94644640
  238       0.93467578
  239       0.93323790
  240       5.18576987
  241       4.00072237
  242       0.97408147
  243       0.94221670
  244       0.93745084
  245       0.93325046
  246       5.18860779
  247       4.00057798
  248       0.97358261
  249       0.94368388
  250       0.93631413
  251       0.93310986
  252       5.18945550
  253       4.00094798
  254       0.97201194
  255       5.18612631
  256       4.00096793
  257       0.97279552
  258       0.94324941
  259       0.93231363
  260       0.93627034
  261       5.18631223
  262       4.00063464
  263       0.97199225
  264       0.94886199
  265       0.93581567
  266       0.93249673
  267       5.18935789
  268       4.00081657
  269       0.97357613
  270       5.18519290
  271       4.00125607
  272       0.97167402
  273       5.18806913
  274       4.00088464
  275       0.97201410
  276       5.18680385

l-shell populations (up)
 Atom Sh.   l       Population
    1   1   0       1.05667925
    1   2   1       2.80782241
    2   1   0       1.05814663
    2   2   1       2.94293933
    3   1   0       0.97394706
    4   1   0       1.03149903
    4   2   1       3.08315901
    5   1   0       1.34183235
    5   2   1       3.84387795
    6   1   0       1.11012956
    6   2   1       0.66634863
    7   1   0       1.05630134
    7   2   1       2.80767272
    8   1   0       1.05873919
    8   2   1       2.94267608
    9   1   0       0.97273247
   10   1   0       1.03139173
   10   2   1       3.08164990
   11   1   0       1.34149116
   11   2   1       3.84507086
   12   1   0       1.11147118
   12   2   1       0.66369219
   13   1   0       1.05594272
   13   2   1       2.80709759
   14   1   0       1.05905085
   14   2   1       2.94163728
   15   1   0       0.97168299
   16   1   0       1.03149360
   16   2   1       3.08155171
   17   1   0       0.94541400
   18   1   0       0.93416442
   19   1   0       0.93438696
   20   1   0       1.34103396
   20   2   1       3.84839159
   21   1   0       1.05618056
   21   2   1       2.80748921
   22   1   0       1.05865394
   22   2   1       2.94211350
   23   1   0       0.97430649
   24   1   0       1.03117254
   24   2   1       3.08052102
   25   1   0       0.94855292
   26   1   0       0.93503651
   27   1   0       0.93217363
   28   1   0       1.34003351
   28   2   1       3.84634564
   29   1   0       1.05647817
   29   2   1       2.80772635
   30   1   0       1.05850212
   30   2   1       2.94300955
   31   1   0       0.97335126
   32   1   0       1.03139171
   32   2   1       3.08295786
   33   1   0       1.34207443
   33   2   1       3.84408910
   34   1   0       1.11008065
   34   2   1       0.66636952
   35   1   0       1.05603635
   35   2   1       2.80743535
   36   1   0       1.05880476
   36   2   1       2.94187179
   37   1   0       0.97243702
   38   1   0       1.03119805
   38   2   1       3.08014391
   39   1   0       1.34158121
   39   2   1       3.84622680
   40   1   0       1.11037294
   40   2   1       0.66699447
   41   1   0       1.05593861
   41   2   1       2.80730027
   42   1   0       1.05879064
   42   2   1       2.94131154
   43   1   0       0.97254809
   44   1   0       1.03143824
   44   2   1       3.08157269
   45   1   0       0.94594046
   46   1   0       0.93473532
   47   1   0       0.93334060
   48   1   0       1.34057367
   48   2   1       3.84900128
   49   1   0       1.05602220
   49   2   1       2.80706686
   50   1   0       1.05859797
   50   2   1       2.94217007
   51   1   0       0.97371372
   52   1   0       1.03128254
   52   2   1       3.08062757
   53   1   0       0.94815684
   54   1   0       0.93342408
   55   1   0       0.93439302
   56   1   0       1.34065447
   56   2   1       3.84497349
   57   1   0       1.05616410
   57   2   1       2.80799192
   58   1   0       1.05885346
   58   2   1       2.94250748
   59   1   0       0.97233769
   60   1   0       1.03106672
   60   2   1       3.08068089
   61   1   0       1.34177515
   61   2   1       3.84666483
   62   1   0       1.10964181
   62   2   1       0.66882339
   63   1   0       1.05614311
   63   2   1       2.80795979
   64   1   0       1.05916170
   64   2   1       2.94063691
   65   1   0       0.97170206
   66   1   0       1.03141462
   66   2   1       3.08188397
   67   1   0       0.94597131
   68   1   0       0.93609469
   69   1   0       0.93313837
   70   1   0       1.33931254
   70   2   1       3.84691744
   71   1   0       1.11145363
   71   2   1       0.66347526
   72   1   0       1.05600205
   72   2   1       2.80787662
   73   1   0       1.05824973
   73   2   1       2.94247884
   74   1   0       0.97423967
   75   1   0       1.03117510
   75   2   1       3.08029702
   76   1   0       1.34149118
   76   2   1       3.84622934
   77   1   0       1.11001346
   77   2   1       0.66747886
   78   1   0       1.05629048
   78   2   1       2.80770143
   79   1   0       1.05891934
   79   2   1       2.94126121
   80   1   0       0.97363583
   81   1   0       1.03113901
   81   2   1       3.08168838
   82   1   0       0.94601969
   83   1   0       0.93645099
   84   1   0       0.93360039
   85   1   0       1.33928858
   85   2   1       3.84533755
   86   1   0       1.11119348
   86   2   1       0.66429864
   87   1   0       1.05882537
   87   2   1       2.94278421
   88   1   0       0.97203328
   89   1   0       1.34127445
   89   2   1       3.84586690
   90   1   0       1.05886484
   90   2   1       2.94106858
   91   1   0       0.97344099
   92   1   0       0.94775280
   93   1   0       0.93576272
   94   1   0       0.93352037
   95   1   0       1.33943833
   95   2   1       3.84450356
   96   1   0       1.05867787
   96   2   1       2.94214742
   97   1   0       0.97202448
   98   1   0       1.34061027
   98   2   1       3.84547174
   99   1   0       1.05951291
   99   2   1       2.94071517
  100   1   0       0.97080971
  101   1   0       0.94840915
  102   1   0       0.93454708
  103   1   0       0.93398501
  104   1   0       1.33961971
  104   2   1       3.84581362
  105   1   0       1.05889330
  105   2   1       2.94172302
  106   1   0       0.97346838
  107   1   0       0.94629835
  108   1   0       0.93474387
  109   1   0       0.93299421
  110   1   0       1.33988185
  110   2   1       3.84618244
  111   1   0       1.11186525
  111   2   1       0.66194975
  112   1   0       1.05877256
  112   2   1       2.94145832
  113   1   0       0.97402605
  114   1   0       1.34009947
  114   2   1       3.84736387
  115   1   0       1.11091261
  115   2   1       0.66459260
  116   1   0       1.05966651
  116   2   1       2.94125590
  117   1   0       0.97079782
  118   1   0       0.94300363
  119   1   0       0.93873548
  120   1   0       0.93296983
  121   1   0       1.34082662
  121   2   1       3.84837671
  122   1   0       1.11083376
  122   2   1       0.66433893
  123   1   0       1.05879603
  123   2   1       2.94197284
  124   1   0       0.97319020
  125   1   0       0.94928510
  126   1   0       0.93456592
  127   1   0       0.93258640
  128   1   0       1.33917509
  128   2   1       3.84548223
  129   1   0       1.05903771
  129   2   1       2.94137162
  130   1   0       0.97145137
  131   1   0       1.33959373
  131   2   1       3.84503589
  132   1   0       1.10994971
  132   2   1       0.66756263
  133   1   0       1.05881796
  133   2   1       2.94260089
  134   1   0       0.97229329
  135   1   0       1.34045754
  135   2   1       3.84444454
  136   1   0       1.05975643
  136   2   1       2.94120538
  137   1   0       0.97038145
  138   1   0       0.94222925
  139   1   0       0.93891320
  140   1   0       0.93306216
  141   1   0       1.34028230
  141   2   1       3.84780916
  142   1   0       1.05890125
  142   2   1       2.94121921
  143   1   0       0.97253707
  144   1   0       1.33988591
  144   2   1       3.84587143
  145   1   0       1.05618221
  145   2   1       2.80765525
  146   1   0       1.05918608
  146   2   1       2.94159879
  147   1   0       0.97229658
  148   1   0       1.03128187
  148   2   1       3.08081509
  149   1   0       0.94720130
  150   1   0       0.93578139
  151   1   0       0.93283631
  152   1   0       1.34041155
  152   2   1       3.84625225
  153   1   0       1.05644688
  153   2   1       2.80745145
  154   1   0       1.05894455
  154   2   1       2.94178617
  155   1   0       0.97142086
  156   1   0       1.03151841
  156   2   1       3.08373606
  157   1   0       1.34136594
  157   2   1       3.84427680
  158   1   0       1.05646524
  158   2   1       2.80832283
  159   1   0       1.05952156
  159   2   1       2.94140441
  160   1   0       0.97110817
  161   1   0       1.03140680
  161   2   1       3.08278962
  162   1   0       0.94381342
  163   1   0       0.93809902
  164   1   0       0.93337866
  165   1   0       1.33919332
  165   2   1       3.84761604
  166   1   0       1.05644391
  166   2   1       2.80726063
  167   1   0       1.05939382
  167   2   1       2.94163331
  168   1   0       0.97226029
  169   1   0       1.03159083
  169   2   1       3.08378491
  170   1   0       0.94231426
  171   1   0       0.93764846
  172   1   0       0.93216921
  173   1   0       1.34062159
  173   2   1       3.84919699
  174   1   0       1.05623709
  174   2   1       2.80712256
  175   1   0       1.05900200
  175   2   1       2.94140608
  176   1   0       0.97246844
  177   1   0       1.03142269
  177   2   1       3.08172861
  178   1   0       0.94536351
  179   1   0       0.93511816
  180   1   0       0.93413528
  181   1   0       1.33941002
  181   2   1       3.84683600
  182   1   0       1.05626422
  182   2   1       2.80696410
  183   1   0       1.05917414
  183   2   1       2.94151894
  184   1   0       0.97293069
  185   1   0       1.03163813
  185   2   1       3.08326477
  186   1   0       1.34079034
  186   2   1       3.84878856
  187   1   0       1.05594377
  187   2   1       2.80776165
  188   1   0       1.05884961
  188   2   1       2.94160216
  189   1   0       0.97220259
  190   1   0       1.03128365
  190   2   1       3.08028652
  191   1   0       1.34095675
  191   2   1       3.84459742
  192   1   0       1.05625173
  192   2   1       2.80730151
  193   1   0       1.05897417
  193   2   1       2.94156222
  194   1   0       0.97130688
  195   1   0       1.03141149
  195   2   1       3.08303380
  196   1   0       1.34049903
  196   2   1       3.84405811
  197   1   0       1.05656677
  197   2   1       2.80734077
  198   1   0       1.05821953
  198   2   1       2.94314830
  199   1   0       0.97425233
  200   1   0       1.03128313
  200   2   1       3.08246159
  201   1   0       1.34164768
  201   2   1       3.84470029
  202   1   0       1.05620616
  202   2   1       2.80734824
  203   1   0       1.05921047
  203   2   1       2.94128211
  204   1   0       0.97247222
  205   1   0       1.03136343
  205   2   1       3.08215601
  206   1   0       0.94503377
  207   1   0       0.93733872
  208   1   0       0.93245058
  209   1   0       1.33975206
  209   2   1       3.84759133
  210   1   0       1.05603842
  210   2   1       2.80730600
  211   1   0       1.05863143
  211   2   1       2.94214861
  212   1   0       0.97308193
  213   1   0       1.03147297
  213   2   1       3.08160115
  214   1   0       1.34167765
  214   2   1       3.84705601
  215   1   0       1.05621346
  215   2   1       2.80721305
  216   1   0       1.05898240
  216   2   1       2.94154510
  217   1   0       0.97277889
  218   1   0       1.03135621
  218   2   1       3.08196652
  219   1   0       0.94550810
  220   1   0       0.93447801
  221   1   0       0.93349953
  222   1   0       1.33972211
  222   2   1       3.84556050
  223   1   0       1.05836763
  223   2   1       2.94260937
  224   1   0       0.97415465
  225   1   0       1.34049168
  225   2   1       3.84573100
  226   1   0       1.05928332
  226   2   1       2.94184300
  227   1   0       0.97190751
  228   1   0       0.94423395
  229   1   0       0.93626035
  230   1   0       0.93275889
  231   1   0       1.33975203
  231   2   1       3.84617759
  232   1   0       1.05864219
  232   2   1       2.94275014
  233   1   0       0.97278456
  234   1   0       1.34197857
  234   2   1       3.84578671
  235   1   0       1.05928673
  235   2   1       2.94123488
  236   1   0       0.97155480
  237   1   0       0.94644640
  238   1   0       0.93467578
  239   1   0       0.93323790
  240   1   0       1.33898442
  240   2   1       3.84678545
  241   1   0       1.05871013
  241   2   1       2.94201224
  242   1   0       0.97408147
  243   1   0       0.94221670
  244   1   0       0.93745084
  245   1   0       0.93325046
  246   1   0       1.34030925
  246   2   1       3.84829853
  247   1   0       1.05875015
  247   2   1       2.94182783
  248   1   0       0.97358261
  249   1   0       0.94368388
  250   1   0       0.93631413
  251   1   0       0.93310986
  252   1   0       1.34046149
  252   2   1       3.84899401
  253   1   0       1.05888571
  253   2   1       2.94206227
  254   1   0       0.97201194
  255   1   0       1.34067998
  255   2   1       3.84544633
  256   1   0       1.05870340
  256   2   1       2.94226453
  257   1   0       0.97279552
  258   1   0       0.94324941
  259   1   0       0.93231363
  260   1   0       0.93627034
  261   1   0       1.34180075
  261   2   1       3.84451148
  262   1   0       1.05923893
  262   2   1       2.94139571
  263   1   0       0.97199225
  264   1   0       0.94886199
  265   1   0       0.93581567
  266   1   0       0.93249673
  267   1   0       1.34062837
  267   2   1       3.84872952
  268   1   0       1.05849578
  268   2   1       2.94232079
  269   1   0       0.97357613
  270   1   0       1.34174708
  270   2   1       3.84344582
  271   1   0       1.05898952
  271   2   1       2.94226655
  272   1   0       0.97167402
  273   1   0       1.34198251
  273   2   1       3.84608662
  274   1   0       1.05872642
  274   2   1       2.94215822
  275   1   0       0.97201410
  276   1   0       1.34208737
  276   2   1       3.84471649

Orbital populations (up)
 Atom Sh.   l   m       Population  Label
    1   1   0   0       1.05667925  s
    1   2   1  -1       0.93449370  p_y
    1   2   1   0       0.94074833  p_z
    1   2   1   1       0.93258037  p_x
    2   1   0   0       1.05814663  s
    2   2   1  -1       0.92058393  p_y
    2   2   1   0       1.02207665  p_z
    2   2   1   1       1.00027875  p_x
    3   1   0   0       0.97394706  s
    4   1   0   0       1.03149903  s
    4   2   1  -1       0.99955499  p_y
    4   2   1   0       1.03993553  p_z
    4   2   1   1       1.04366849  p_x
    5   1   0   0       1.34183235  s
    5   2   1  -1       1.17723698  p_y
    5   2   1   0       1.30196287  p_z
    5   2   1   1       1.36467809  p_x
    6   1   0   0       1.11012956  s
    6   2   1  -1       0.21953712  p_y
    6   2   1   0       0.22887694  p_z
    6   2   1   1       0.21793458  p_x
    7   1   0   0       1.05630134  s
    7   2   1  -1       0.93806817  p_y
    7   2   1   0       0.93563737  p_z
    7   2   1   1       0.93396718  p_x
    8   1   0   0       1.05873919  s
    8   2   1  -1       1.00810765  p_y
    8   2   1   0       1.01865656  p_z
    8   2   1   1       0.91591186  p_x
    9   1   0   0       0.97273247  s
   10   1   0   0       1.03139173  s
   10   2   1  -1       1.04156218  p_y
   10   2   1   0       1.03875016  p_z
   10   2   1   1       1.00133755  p_x
   11   1   0   0       1.34149116  s
   11   2   1  -1       1.36351899  p_y
   11   2   1   0       1.30662128  p_z
   11   2   1   1       1.17493060  p_x
   12   1   0   0       1.11147118  s
   12   2   1  -1       0.21634820  p_y
   12   2   1   0       0.22955218  p_z
   12   2   1   1       0.21779181  p_x
   13   1   0   0       1.05594272  s
   13   2   1  -1       0.94292971  p_y
   13   2   1   0       0.93173351  p_z
   13   2   1   1       0.93243437  p_x
   14   1   0   0       1.05905085  s
   14   2   1  -1       0.93888854  p_y
   14   2   1   0       1.00819791  p_z
   14   2   1   1       0.99455082  p_x
   15   1   0   0       0.97168299  s
   16   1   0   0       1.03149360  s
   16   2   1  -1       1.00731397  p_y
   16   2   1   0       1.03642939  p_z
   16   2   1   1       1.03780835  p_x
   17   1   0   0       0.94541400  s
   18   1   0   0       0.93416442  s
   19   1   0   0       0.93438696  s
   20   1   0   0       1.34103396  s
   20   2   1  -1       1.20551552  p_y
   20   2   1   0       1.28413168  p_z
   20   2   1   1       1.35874439  p_x
   21   1   0   0       1.05618056  s
   21   2   1  -1       0.93651163  p_y
   21   2   1   0       0.93549082  p_z
   21   2   1   1       0.93548677  p_x
   22   1   0   0       1.05865394  s
   22   2   1  -1       1.00643910  p_y
   22   2   1   0       1.01709101  p_z
   22   2   1   1       0.91858338  p_x
   23   1   0   0       0.97430649  s
   24   1   0   0       1.03117254  s
   24   2   1  -1       1.03723444  p_y
   24   2   1   0       1.04052247  p_z
   24   2   1   1       1.00276411  p_x
   25   1   0   0       0.94855292  s
   26   1   0   0       0.93503651  s
   27   1   0   0       0.93217363  s
   28   1   0   0       1.34003351  s
   28   2   1  -1       1.36572114  p_y
   28   2   1   0       1.30301552  p_z
   28   2   1   1       1.17760897  p_x
   29   1   0   0       1.05647817  s
   29   2   1  -1       0.93520961  p_y
   29   2   1   0       0.93783726  p_z
   29   2   1   1       0.93467948  p_x
   30   1   0   0       1.05850212  s
   30   2   1  -1       0.92180552  p_y
   30   2   1   0       1.01816401  p_z
   30   2   1   1       1.00304003  p_x
   31   1   0   0       0.97335126  s
   32   1   0   0       1.03139171  s
   32   2   1  -1       1.00068535  p_y
   32   2   1   0       1.03905668  p_z
   32   2   1   1       1.04321583  p_x
   33   1   0   0       1.34207443  s
   33   2   1  -1       1.18323203  p_y
   33   2   1   0       1.29639566  p_z
   33   2   1   1       1.36446140  p_x
   34   1   0   0       1.11008065  s
   34   2   1  -1       0.21982292  p_y
   34   2   1   0       0.22771937  p_z
   34   2   1   1       0.21882724  p_x
   35   1   0   0       1.05603635  s
   35   2   1  -1       0.93802286  p_y
   35   2   1   0       0.93194182  p_z
   35   2   1   1       0.93747067  p_x
   36   1   0   0       1.05880476  s
   36   2   1  -1       1.00676384  p_y
   36   2   1   0       1.01074387  p_z
   36   2   1   1       0.92436407  p_x
   37   1   0   0       0.97243702  s
   38   1   0   0       1.03119805  s
   38   2   1  -1       1.03904463  p_y
   38   2   1   0       1.03663562  p_z
   38   2   1   1       1.00446366  p_x
   39   1   0   0       1.34158121  s
   39   2   1  -1       1.36305955  p_y
   39   2   1   0       1.29186308  p_z
   39   2   1   1       1.19130417  p_x
   40   1   0   0       1.11037294  s
   40   2   1  -1       0.22000879  p_y
   40   2   1   0       0.22697641  p_z
   40   2   1   1       0.22000928  p_x
   41   1   0   0       1.05593861  s
   41   2   1  -1       0.94478787  p_y
   41   2   1   0       0.93193776  p_z
   41   2   1   1       0.93057465  p_x
   42   1   0   0       1.05879064  s
   42   2   1  -1       0.94327453  p_y
   42   2   1   0       1.00689122  p_z
   42   2   1   1       0.99114579  p_x
   43   1   0   0       0.97254809  s
   44   1   0   0       1.03143824  s
   44   2   1  -1       1.00854501  p_y
   44   2   1   0       1.03620297  p_z
   44   2   1   1       1.03682470  p_x
   45   1   0   0       0.94594046  s
   46   1   0   0       0.93473532  s
   47   1   0   0       0.93334060  s
   48   1   0   0       1.34057367  s
   48   2   1  -1       1.20968610  p_y
   48   2   1   0       1.28039243  p_z
   48   2   1   1       1.35892275  p_x
   49   1   0   0       1.05602220  s
   49   2   1  -1       0.93489811  p_y
   49   2   1   0       0.93325281  p_z
   49   2   1   1       0.93891594  p_x
   50   1   0   0       1.05859797  s
   50   2   1  -1       1.00059642  p_y
   50   2   1   0       1.01304103  p_z
   50   2   1   1       0.92853262  p_x
   51   1   0   0       0.97371372  s
   52   1   0   0       1.03128254  s
   52   2   1  -1       1.03881768  p_y
   52   2   1   0       1.03665059  p_z
   52   2   1   1       1.00515930  p_x
   53   1   0   0       0.94815684  s
   54   1   0   0       0.93342408  s
   55   1   0   0       0.93439302  s
   56   1   0   0       1.34065447  s
   56   2   1  -1       1.36198410  p_y
   56   2   1   0       1.29332874  p_z
   56   2   1   1       1.18966064  p_x
   57   1   0   0       1.05616410  s
   57   2   1  -1       0.93544647  p_y
   57   2   1   0       0.93772075  p_z
   57   2   1   1       0.93482470  p_x
   58   1   0   0       1.05885346  s
   58   2   1  -1       1.00255500  p_y
   58   2   1   0       0.92600365  p_z
   58   2   1   1       1.01394882  p_x
   59   1   0   0       0.97233769  s
   60   1   0   0       1.03106672  s
   60   2   1  -1       1.04052107  p_y
   60   2   1   0       1.00406389  p_z
   60   2   1   1       1.03609593  p_x
   61   1   0   0       1.34177515  s
   61   2   1  -1       1.36132334  p_y
   61   2   1   0       1.19010906  p_z
   61   2   1   1       1.29523244  p_x
   62   1   0   0       1.10964181  s
   62   2   1  -1       0.21964802  p_y
   62   2   1   0       0.21987281  p_z
   62   2   1   1       0.22930256  p_x
   63   1   0   0       1.05614311  s
   63   2   1  -1       0.93402129  p_y
   63   2   1   0       0.94077214  p_z
   63   2   1   1       0.93316636  p_x
   64   1   0   0       1.05916170  s
   64   2   1  -1       1.01076118  p_y
   64   2   1   0       0.93508084  p_z
   64   2   1   1       0.99479490  p_x
   65   1   0   0       0.97170206  s
   66   1   0   0       1.03141462  s
   66   2   1  -1       1.04035332  p_y
   66   2   1   0       1.00576339  p_z
   66   2   1   1       1.03576725  p_x
   67   1   0   0       0.94597131  s
   68   1   0   0       0.93609469  s
   69   1   0   0       0.93313837  s
   70   1   0   0       1.33931254  s
   70   2   1  -1       1.29092902  p_y
   70   2   1   0       1.19630214  p_z
   70   2   1   1       1.35968629  p_x
   71   1   0   0       1.11145363  s
   71   2   1  -1       0.22807379  p_y
   71   2   1   0       0.21737772  p_z
   71   2   1   1       0.21802375  p_x
   72   1   0   0       1.05600205  s
   72   2   1  -1       0.93112287  p_y
   72   2   1   0       0.93951368  p_z
   72   2   1   1       0.93724007  p_x
   73   1   0   0       1.05824973  s
   73   2   1  -1       0.99559240  p_y
   73   2   1   0       0.93066070  p_z
   73   2   1   1       1.01622574  p_x
   74   1   0   0       0.97423967  s
   75   1   0   0       1.03117510  s
   75   2   1  -1       1.03878669  p_y
   75   2   1   0       1.00548896  p_z
   75   2   1   1       1.03602138  p_x
   76   1   0   0       1.34149118  s
   76   2   1  -1       1.36132358  p_y
   76   2   1   0       1.19022631  p_z
   76   2   1   1       1.29467946  p_x
   77   1   0   0       1.11001346  s
   77   2   1  -1       0.21927296  p_y
   77   2   1   0       0.21998449  p_z
   77   2   1   1       0.22822141  p_x
   78   1   0   0       1.05629048  s
   78   2   1  -1       0.93559945  p_y
   78   2   1   0       0.93874799  p_z
   78   2   1   1       0.93335399  p_x
   79   1   0   0       1.05891934  s
   79   2   1  -1       1.01441679  p_y
   79   2   1   0       0.92799925  p_z
   79   2   1   1       0.99884517  p_x
   80   1   0   0       0.97363583  s
   81   1   0   0       1.03113901  s
   81   2   1  -1       1.04074723  p_y
   81   2   1   0       1.00434971  p_z
   81   2   1   1       1.03659144  p_x
   82   1   0   0       0.94601969  s
   83   1   0   0       0.93645099  s
   84   1   0   0       0.93360039  s
   85   1   0   0       1.33928858  s
   85   2   1  -1       1.29413638  p_y
   85   2   1   0       1.18755662  p_z
   85   2   1   1       1.36364455  p_x
   86   1   0   0       1.11119348  s
   86   2   1  -1       0.22733659  p_y
   86   2   1   0       0.21807207  p_z
   86   2   1   1       0.21888997  p_x
   87   1   0   0       1.05882537  s
   87   2   1  -1       1.00163968  p_y
   87   2   1   0       0.92841523  p_z
   87   2   1   1       1.01272930  p_x
   88   1   0   0       0.97203328  s
   89   1   0   0       1.34127445  s
   89   2   1  -1       1.36262126  p_y
   89   2   1   0       1.19228133  p_z
   89   2   1   1       1.29096431  p_x
   90   1   0   0       1.05886484  s
   90   2   1  -1       1.01521925  p_y
   90   2   1   0       0.92526872  p_z
   90   2   1   1       1.00058062  p_x
   91   1   0   0       0.97344099  s
   92   1   0   0       0.94775280  s
   93   1   0   0       0.93576272  s
   94   1   0   0       0.93352037  s
   95   1   0   0       1.33943833  s
   95   2   1  -1       1.29705671  p_y
   95   2   1   0       1.18377295  p_z
   95   2   1   1       1.36367390  p_x
   96   1   0   0       1.05867787  s
   96   2   1  -1       0.99769859  p_y
   96   2   1   0       0.93502516  p_z
   96   2   1   1       1.00942368  p_x
   97   1   0   0       0.97202448  s
   98   1   0   0       1.34061027  s
   98   2   1  -1       1.36015372  p_y
   98   2   1   0       1.20116893  p_z
   98   2   1   1       1.28414908  p_x
   99   1   0   0       1.05951291  s
   99   2   1  -1       1.00848619  p_y
   99   2   1   0       0.93047151  p_z
   99   2   1   1       1.00175748  p_x
  100   1   0   0       0.97080971  s
  101   1   0   0       0.94840915  s
  102   1   0   0       0.93454708  s
  103   1   0   0       0.93398501  s
  104   1   0   0       1.33961971  s
  104   2   1  -1       1.28914432  p_y
  104   2   1   0       1.19606808  p_z
  104   2   1   1       1.36060122  p_x
  105   1   0   0       1.05889330  s
  105   2   1  -1       1.01968098  p_y
  105   2   1   0       1.00619869  p_z
  105   2   1   1       0.91584335  p_x
  106   1   0   0       0.97346838  s
  107   1   0   0       0.94629835  s
  108   1   0   0       0.93474387  s
  109   1   0   0       0.93299421  s
  110   1   0   0       1.33988185  s
  110   2   1  -1       1.30747317  p_y
  110   2   1   0       1.36359419  p_z
  110   2   1   1       1.17511507  p_x
  111   1   0   0       1.11186525  s
  111   2   1  -1       0.22891847  p_y
  111   2   1   0       0.21588543  p_z
  111   2   1   1       0.21714584  p_x
  112   1   0   0       1.05877256  s
  112   2   1  -1       1.01355911  p_y
  112   2   1   0       0.99968611  p_z
  112   2   1   1       0.92821310  p_x
  113   1   0   0       0.97402605  s
  114   1   0   0       1.34009947  s
  114   2   1  -1       1.29416022  p_y
  114   2   1   0       1.36259449  p_z
  114   2   1   1       1.19060916  p_x
  115   1   0   0       1.11091261  s
  115   2   1  -1       0.22711215  p_y
  115   2   1   0       0.21829714  p_z
  115   2   1   1       0.21918332  p_x
  116   1   0   0       1.05966651  s
  116   2   1  -1       0.92254443  p_y
  116   2   1   0       1.00403123  p_z
  116   2   1   1       1.01468024  p_x
  117   1   0   0       0.97079782  s
  118   1   0   0       0.94300363  s
  119   1   0   0       0.93873548  s
  120   1   0   0       0.93296983  s
  121   1   0   0       1.34082662  s
  121   2   1  -1       1.18162234  p_y
  121   2   1   0       1.36429197  p_z
  121   2   1   1       1.30246240  p_x
  122   1   0   0       1.11083376  s
  122   2   1  -1       0.21555859  p_y
  122   2   1   0       0.21871950  p_z
  122   2   1   1       0.23006084  p_x
  123   1   0   0       1.05879603  s
  123   2   1  -1       1.01940488  p_y
  123   2   1   0       0.99795870  p_z
  123   2   1   1       0.92460926  p_x
  124   1   0   0       0.97319020  s
  125   1   0   0       0.94928510  s
  126   1   0   0       0.93456592  s
  127   1   0   0       0.93258640  s
  128   1   0   0       1.33917509  s
  128   2   1  -1       1.30127905  p_y
  128   2   1   0       1.36446373  p_z
  128   2   1   1       1.17973945  p_x
  129   1   0   0       1.05903771  s
  129   2   1  -1       0.94356327  p_y
  129   2   1   0       0.99182442  p_z
  129   2   1   1       1.00598393  p_x
  130   1   0   0       0.97145137  s
  131   1   0   0       1.33959373  s
  131   2   1  -1       1.20804797  p_y
  131   2   1   0       1.35828895  p_z
  131   2   1   1       1.27869898  p_x
  132   1   0   0       1.10994971  s
  132   2   1  -1       0.22019043  p_y
  132   2   1   0       0.22068316  p_z
  132   2   1   1       0.22668905  p_x
  133   1   0   0       1.05881796  s
  133   2   1  -1       1.01854020  p_y
  133   2   1   0       1.00497373  p_z
  133   2   1   1       0.91908696  p_x
  134   1   0   0       0.97229329  s
  135   1   0   0       1.34045754  s
  135   2   1  -1       1.30112237  p_y
  135   2   1   0       1.36482163  p_z
  135   2   1   1       1.17850054  p_x
  136   1   0   0       1.05975643  s
  136   2   1  -1       0.92061210  p_y
  136   2   1   0       1.00852938  p_z
  136   2   1   1       1.01206391  p_x
  137   1   0   0       0.97038145  s
  138   1   0   0       0.94222925  s
  139   1   0   0       0.93891320  s
  140   1   0   0       0.93306216  s
  141   1   0   0       1.34028230  s
  141   2   1  -1       1.18408358  p_y
  141   2   1   0       1.36425615  p_z
  141   2   1   1       1.29946943  p_x
  142   1   0   0       1.05890125  s
  142   2   1  -1       0.93918576  p_y
  142   2   1   0       0.99331303  p_z
  142   2   1   1       1.00872042  p_x
  143   1   0   0       0.97253707  s
  144   1   0   0       1.33988591  s
  144   2   1  -1       1.20203884  p_y
  144   2   1   0       1.35828768  p_z
  144   2   1   1       1.28554491  p_x
  145   1   0   0       1.05618221  s
  145   2   1  -1       0.93625494  p_y
  145   2   1   0       0.93826905  p_z
  145   2   1   1       0.93313126  p_x
  146   1   0   0       1.05918608  s
  146   2   1  -1       0.92220237  p_y
  146   2   1   0       1.01904281  p_z
  146   2   1   1       1.00035361  p_x
  147   1   0   0       0.97229658  s
  148   1   0   0       1.03128187  s
  148   2   1  -1       1.00288102  p_y
  148   2   1   0       1.03997794  p_z
  148   2   1   1       1.03795613  p_x
  149   1   0   0       0.94720130  s
  150   1   0   0       0.93578139  s
  151   1   0   0       0.93283631  s
  152   1   0   0       1.34041155  s
  152   2   1  -1       1.18084301  p_y
  152   2   1   0       1.30282125  p_z
  152   2   1   1       1.36258799  p_x
  153   1   0   0       1.05644688  s
  153   2   1  -1       0.93583837  p_y
  153   2   1   0       0.93352419  p_z
  153   2   1   1       0.93808889  p_x
  154   1   0   0       1.05894455  s
  154   2   1  -1       1.00170488  p_y
  154   2   1   0       1.01216172  p_z
  154   2   1   1       0.92791956  p_x
  155   1   0   0       0.97142086  s
  156   1   0   0       1.03151841  s
  156   2   1  -1       1.04237873  p_y
  156   2   1   0       1.03853967  p_z
  156   2   1   1       1.00281766  p_x
  157   1   0   0       1.34136594  s
  157   2   1  -1       1.36286227  p_y
  157   2   1   0       1.28883874  p_z
  157   2   1   1       1.19257579  p_x
  158   1   0   0       1.05646524  s
  158   2   1  -1       0.93630552  p_y
  158   2   1   0       0.93664872  p_z
  158   2   1   1       0.93536858  p_x
  159   1   0   0       1.05952156  s
  159   2   1  -1       0.92577548  p_y
  159   2   1   0       1.01560106  p_z
  159   2   1   1       1.00002786  p_x
  160   1   0   0       0.97110817  s
  161   1   0   0       1.03140680  s
  161   2   1  -1       1.00189891  p_y
  161   2   1   0       1.04293117  p_z
  161   2   1   1       1.03795954  p_x
  162   1   0   0       0.94381342  s
  163   1   0   0       0.93809902  s
  164   1   0   0       0.93337866  s
  165   1   0   0       1.33919332  s
  165   2   1  -1       1.18343443  p_y
  165   2   1   0       1.30022650  p_z
  165   2   1   1       1.36395510  p_x
  166   1   0   0       1.05644391  s
  166   2   1  -1       0.93756515  p_y
  166   2   1   0       0.93226963  p_z
  166   2   1   1       0.93742585  p_x
  167   1   0   0       1.05939382  s
  167   2   1  -1       1.00320951  p_y
  167   2   1   0       1.01175496  p_z
  167   2   1   1       0.92666884  p_x
  168   1   0   0       0.97226029  s
  169   1   0   0       1.03159083  s
  169   2   1  -1       1.03854509  p_y
  169   2   1   0       1.04273658  p_z
  169   2   1   1       1.00250324  p_x
  170   1   0   0       0.94231426  s
  171   1   0   0       0.93764846  s
  172   1   0   0       0.93216921  s
  173   1   0   0       1.34062159  s
  173   2   1  -1       1.36138784  p_y
  173   2   1   0       1.30076416  p_z
  173   2   1   1       1.18704499  p_x
  174   1   0   0       1.05623709  s
  174   2   1  -1       0.94182709  p_y
  174   2   1   0       0.93219443  p_z
  174   2   1   1       0.93310104  p_x
  175   1   0   0       1.05900200  s
  175   2   1  -1       0.93599324  p_y
  175   2   1   0       1.00925740  p_z
  175   2   1   1       0.99615544  p_x
  176   1   0   0       0.97246844  s
  177   1   0   0       1.03142269  s
  177   2   1  -1       1.00653536  p_y
  177   2   1   0       1.03911607  p_z
  177   2   1   1       1.03607719  p_x
  178   1   0   0       0.94536351  s
  179   1   0   0       0.93511816  s
  180   1   0   0       0.93413528  s
  181   1   0   0       1.33941002  s
  181   2   1  -1       1.19947317  p_y
  181   2   1   0       1.28723929  p_z
  181   2   1   1       1.36012354  p_x
  182   1   0   0       1.05626422  s
  182   2   1  -1       0.93648115  p_y
  182   2   1   0       0.93168663  p_z
  182   2   1   1       0.93879632  p_x
  183   1   0   0       1.05917414  s
  183   2   1  -1       1.00259449  p_y
  183   2   1   0       1.01053708  p_z
  183   2   1   1       0.92838737  p_x
  184   1   0   0       0.97293069  s
  185   1   0   0       1.03163813  s
  185   2   1  -1       1.03799288  p_y
  185   2   1   0       1.04125529  p_z
  185   2   1   1       1.00401661  p_x
  186   1   0   0       1.34079034  s
  186   2   1  -1       1.36168728  p_y
  186   2   1   0       1.29617335  p_z
  186   2   1   1       1.19092793  p_x
  187   1   0   0       1.05594377  s
  187   2   1  -1       0.94131483  p_y
  187   2   1   0       0.93597714  p_z
  187   2   1   1       0.93046968  p_x
  188   1   0   0       1.05884961  s
  188   2   1  -1       0.93539848  p_y
  188   2   1   0       1.01294740  p_z
  188   2   1   1       0.99325629  p_x
  189   1   0   0       0.97220259  s
  190   1   0   0       1.03128365  s
  190   2   1  -1       1.00656338  p_y
  190   2   1   0       1.03471672  p_z
  190   2   1   1       1.03900642  p_x
  191   1   0   0       1.34095675  s
  191   2   1  -1       1.19791567  p_y
  191   2   1   0       1.28632009  p_z
  191   2   1   1       1.36036165  p_x
  192   1   0   0       1.05625173  s
  192   2   1  -1       0.93455012  p_y
  192   2   1   0       0.93173849  p_z
  192   2   1   1       0.94101291  p_x
  193   1   0   0       1.05897417  s
  193   2   1  -1       0.99877678  p_y
  193   2   1   0       1.00855174  p_z
  193   2   1   1       0.93423369  p_x
  194   1   0   0       0.97130688  s
  195   1   0   0       1.03141149  s
  195   2   1  -1       1.04087935  p_y
  195   2   1   0       1.03664784  p_z
  195   2   1   1       1.00550661  p_x
  196   1   0   0       1.34049903  s
  196   2   1  -1       1.36182920  p_y
  196   2   1   0       1.28084720  p_z
  196   2   1   1       1.20138172  p_x
  197   1   0   0       1.05656677  s
  197   2   1  -1       0.93441307  p_y
  197   2   1   0       0.93351621  p_z
  197   2   1   1       0.93941149  p_x
  198   1   0   0       1.05821953  s
  198   2   1  -1       1.00595867  p_y
  198   2   1   0       0.91461625  p_z
  198   2   1   1       1.02257338  p_x
  199   1   0   0       0.97425233  s
  200   1   0   0       1.03128313  s
  200   2   1  -1       1.04337027  p_y
  200   2   1   0       1.00009539  p_z
  200   2   1   1       1.03899593  p_x
  201   1   0   0       1.34164768  s
  201   2   1  -1       1.36432786  p_y
  201   2   1   0       1.17380020  p_z
  201   2   1   1       1.30657223  p_x
  202   1   0   0       1.05620616  s
  202   2   1  -1       0.93546727  p_y
  202   2   1   0       0.93741407  p_z
  202   2   1   1       0.93446690  p_x
  203   1   0   0       1.05921047  s
  203   2   1  -1       1.01539123  p_y
  203   2   1   0       0.92574031  p_z
  203   2   1   1       1.00015057  p_x
  204   1   0   0       0.97247222  s
  205   1   0   0       1.03136343  s
  205   2   1  -1       1.04141075  p_y
  205   2   1   0       1.00314385  p_z
  205   2   1   1       1.03760141  p_x
  206   1   0   0       0.94503377  s
  207   1   0   0       0.93733872  s
  208   1   0   0       0.93245058  s
  209   1   0   0       1.33975206  s
  209   2   1  -1       1.29848012  p_y
  209   2   1   0       1.18443331  p_z
  209   2   1   1       1.36467789  p_x
  210   1   0   0       1.05603842  s
  210   2   1  -1       0.93188145  p_y
  210   2   1   0       0.94194700  p_z
  210   2   1   1       0.93347755  p_x
  211   1   0   0       1.05863143  s
  211   2   1  -1       0.99599840  p_y
  211   2   1   0       0.93578208  p_z
  211   2   1   1       1.01036813  p_x
  212   1   0   0       0.97308193  s
  213   1   0   0       1.03147297  s
  213   2   1  -1       1.03903776  p_y
  213   2   1   0       1.00693224  p_z
  213   2   1   1       1.03563114  p_x
  214   1   0   0       1.34167765  s
  214   2   1  -1       1.36177759  p_y
  214   2   1   0       1.20147724  p_z
  214   2   1   1       1.28380119  p_x
  215   1   0   0       1.05621346  s
  215   2   1  -1       0.93549673  p_y
  215   2   1   0       0.93523677  p_z
  215   2   1   1       0.93647955  p_x
  216   1   0   0       1.05898240  s
  216   2   1  -1       1.01639080  p_y
  216   2   1   0       0.91922888  p_z
  216   2   1   1       1.00592543  p_x
  217   1   0   0       0.97277889  s
  218   1   0   0       1.03135621  s
  218   2   1  -1       1.04107229  p_y
  218   2   1   0       1.00217178  p_z
  218   2   1   1       1.03872245  p_x
  219   1   0   0       0.94550810  s
  220   1   0   0       0.93447801  s
  221   1   0   0       0.93349953  s
  222   1   0   0       1.33972211  s
  222   2   1  -1       1.30353061  p_y
  222   2   1   0       1.17916885  p_z
  222   2   1   1       1.36286105  p_x
  223   1   0   0       1.05836763  s
  223   2   1  -1       1.00506212  p_y
  223   2   1   0       0.91877474  p_z
  223   2   1   1       1.01877251  p_x
  224   1   0   0       0.97415465  s
  225   1   0   0       1.34049168  s
  225   2   1  -1       1.36307939  p_y
  225   2   1   0       1.17836288  p_z
  225   2   1   1       1.30428873  p_x
  226   1   0   0       1.05928332  s
  226   2   1  -1       1.01690905  p_y
  226   2   1   0       0.91493245  p_z
  226   2   1   1       1.01000151  p_x
  227   1   0   0       0.97190751  s
  228   1   0   0       0.94423395  s
  229   1   0   0       0.93626035  s
  230   1   0   0       0.93275889  s
  231   1   0   0       1.33975203  s
  231   2   1  -1       1.30782402  p_y
  231   2   1   0       1.17288077  p_z
  231   2   1   1       1.36547280  p_x
  232   1   0   0       1.05864219  s
  232   2   1  -1       1.00282579  p_y
  232   2   1   0       0.92586919  p_z
  232   2   1   1       1.01405516  p_x
  233   1   0   0       0.97278456  s
  234   1   0   0       1.34197857  s
  234   2   1  -1       1.36336132  p_y
  234   2   1   0       1.18965367  p_z
  234   2   1   1       1.29277171  p_x
  235   1   0   0       1.05928673  s
  235   2   1  -1       1.00958990  p_y
  235   2   1   0       0.93606148  p_z
  235   2   1   1       0.99558350  p_x
  236   1   0   0       0.97155480  s
  237   1   0   0       0.94644640  s
  238   1   0   0       0.93467578  s
  239   1   0   0       0.93323790  s
  240   1   0   0       1.33898442  s
  240   2   1  -1       1.28752183  p_y
  240   2   1   0       1.19729364  p_z
  240   2   1   1       1.36196998  p_x
  241   1   0   0       1.05871013  s
  241   2   1  -1       1.01522995  p_y
  241   2   1   0       0.99910237  p_z
  241   2   1   1       0.92767992  p_x
  242   1   0   0       0.97408147  s
  243   1   0   0       0.94221670  s
  244   1   0   0       0.93745084  s
  245   1   0   0       0.93325046  s
  246   1   0   0       1.34030925  s
  246   2   1  -1       1.29788921  p_y
  246   2   1   0       1.36380098  p_z
  246   2   1   1       1.18660834  p_x
  247   1   0   0       1.05875015  s
  247   2   1  -1       1.01267904  p_y
  247   2   1   0       0.99460935  p_z
  247   2   1   1       0.93453944  p_x
  248   1   0   0       0.97358261  s
  249   1   0   0       0.94368388  s
  250   1   0   0       0.93631413  s
  251   1   0   0       0.93310986  s
  252   1   0   0       1.34046149  s
  252   2   1  -1       1.29293767  p_y
  252   2   1   0       1.36214644  p_z
  252   2   1   1       1.19390989  p_x
  253   1   0   0       1.05888571  s
  253   2   1  -1       0.93627360  p_y
  253   2   1   0       0.99535158  p_z
  253   2   1   1       1.01043709  p_x
  254   1   0   0       0.97201194  s
  255   1   0   0       1.34067998  s
  255   2   1  -1       1.20039638  p_y
  255   2   1   0       1.36013729  p_z
  255   2   1   1       1.28491266  p_x
  256   1   0   0       1.05870340  s
  256   2   1  -1       1.01705610  p_y
  256   2   1   0       0.99761369  p_z
  256   2   1   1       0.92759473  p_x
  257   1   0   0       0.97279552  s
  258   1   0   0       0.94324941  s
  259   1   0   0       0.93231363  s
  260   1   0   0       0.93627034  s
  261   1   0   0       1.34180075  s
  261   2   1  -1       1.29251216  p_y
  261   2   1   0       1.36296698  p_z
  261   2   1   1       1.18903235  p_x
  262   1   0   0       1.05923893  s
  262   2   1  -1       0.93548199  p_y
  262   2   1   0       0.99859350  p_z
  262   2   1   1       1.00732022  p_x
  263   1   0   0       0.97199225  s
  264   1   0   0       0.94886199  s
  265   1   0   0       0.93581567  s
  266   1   0   0       0.93249673  s
  267   1   0   0       1.34062837  s
  267   2   1  -1       1.20007633  p_y
  267   2   1   0       1.35967555  p_z
  267   2   1   1       1.28897764  p_x
  268   1   0   0       1.05849578  s
  268   2   1  -1       1.01756714  p_y
  268   2   1   0       0.99942633  p_z
  268   2   1   1       0.92532732  p_x
  269   1   0   0       0.97357613  s
  270   1   0   0       1.34174708  s
  270   2   1  -1       1.29250174  p_y
  270   2   1   0       1.36310274  p_z
  270   2   1   1       1.18784133  p_x
  271   1   0   0       1.05898952  s
  271   2   1  -1       0.92288024  p_y
  271   2   1   0       1.00619375  p_z
  271   2   1   1       1.01319256  p_x
  272   1   0   0       0.97167402  s
  273   1   0   0       1.34198251  s
  273   2   1  -1       1.18574270  p_y
  273   2   1   0       1.36137211  p_z
  273   2   1   1       1.29897181  p_x
  274   1   0   0       1.05872642  s
  274   2   1  -1       0.92483849  p_y
  274   2   1   0       1.00345462  p_z
  274   2   1   1       1.01386511  p_x
  275   1   0   0       0.97201410  s
  276   1   0   0       1.34208737  s
  276   2   1  -1       1.18962485  p_y
  276   2   1   0       1.36346290  p_z
  276   2   1   1       1.29162873  p_x

Fermi level:                        -0.2956724770 H           -8.0457 eV
Band energy:                      -405.2730018788 H       -11028.0395 eV
TS:                                  0.0000000000 H            0.0000 eV
Band free energy (E-TS):          -405.2730018788 H       -11028.0395 eV
Extrapolated E(0K):               -405.2730018788 H       -11028.0395 eV
Input / Output electrons (q):    768.0000000000    768.0000000000

Energy H0:                        -422.0475290286 H       -11484.4976 eV
Energy SCC:                          6.4364331013 H          175.1443 eV
Total Electronic energy:          -415.6110959273 H       -11309.3533 eV
Repulsive energy:                    0.0000000000 H            0.0000 eV
Total energy:                     -415.6110959273 H       -11309.3533 eV
Extrapolated to 0:                -415.6110959273 H       -11309.3533 eV
Total Mermin free energy:         -415.6110959273 H       -11309.3533 eV
Force related energy:             -415.6110959273 H       -11309.3533 eV

SCC converged

Full geometry written in geo_end.{xyz|gen}

Warning: dipole moment is not defined absolutely!
Dipole moment:   -0.12745292   -0.00357808   -0.02148932 au
Dipole moment:   -0.32395303   -0.00909456   -0.05462041 Debye

Geometry converged

