 Fermi distribution function

Geometry optimization step: 349


********************************************************************************
 iSCC Total electronic   Diff electronic      SCC error    
    4   -0.58792725E+03   -0.21052188E-06    0.10768974E-02
********************************************************************************

 Total charge:    -0.00000000

 Atomic gross charges (e)
 Atom           Charge
    1       0.13408329
    2      -0.00076308
    3       0.03712326
    4      -0.13581061
    5      -0.18058080
    6       0.22590437
    7       0.13507222
    8      -0.00511199
    9       0.03066423
   10      -0.12366095
   11      -0.18025273
   12       0.21779060
   13       0.14293318
   14      -0.00092298
   15       0.00001859
   16      -0.11464871
   17       0.06933191
   18       0.07469060
   19       0.07105147
   20      -0.17863548
   21       0.13051072
   22      -0.00674950
   23       0.04412305
   24      -0.12111479
   25       0.07488658
   26       0.06960851
   27       0.06253001
   28      -0.18011313
   29       0.13822368
   30      -0.00230346
   31       0.02512632
   32      -0.11788494
   33      -0.19453459
   34       0.20879156
   35       0.13543773
   36      -0.00204903
   37       0.03774367
   38      -0.11976768
   39      -0.17953023
   40       0.22245373
   41       0.13312868
   42      -0.01936153
   43       0.04978761
   44      -0.10737084
   45       0.07150975
   46       0.07553914
   47       0.04060852
   48      -0.20154232
   49       0.14128585
   50      -0.00207298
   51       0.05011743
   52      -0.12856067
   53       0.06691241
   54       0.08307690
   55       0.07936319
   56      -0.18624155
   57       0.14839980
   58      -0.00606318
   59       0.00686013
   60      -0.12595790
   61      -0.18134374
   62       0.22592282
   63       0.13362620
   64       0.00241098
   65       0.03144429
   66      -0.12598843
   67       0.06719011
   68       0.05952758
   69       0.06968385
   70      -0.19941169
   71       0.21721854
   72       0.13387725
   73      -0.00362735
   74       0.03274696
   75      -0.11826653
   76      -0.18723489
   77       0.22077591
   78       0.13723264
   79      -0.00356534
   80       0.02743860
   81      -0.11821925
   82       0.05419630
   83       0.06814113
   84       0.06193214
   85      -0.18337369
   86       0.21963316
   87      -0.00868246
   88       0.03753256
   89      -0.16939178
   90      -0.00987735
   91       0.01507248
   92       0.06962110
   93       0.07007177
   94       0.06558660
   95      -0.17979952
   96      -0.00350960
   97       0.03124846
   98      -0.17850647
   99      -0.00129639
  100       0.03280196
  101       0.05708110
  102       0.06669950
  103       0.06915095
  104      -0.17978246
  105      -0.00340597
  106       0.02928988
  107       0.06591756
  108       0.06955973
  109       0.07261532
  110      -0.19050778
  111       0.22520626
  112      -0.03794513
  113       0.02477039
  114      -0.20222630
  115       0.21484901
  116      -0.00237698
  117       0.02909737
  118       0.06302103
  119       0.06850351
  120       0.06742467
  121      -0.18805988
  122       0.22680655
  123      -0.00226542
  124       0.03869427
  125       0.06863283
  126       0.06003742
  127       0.06357483
  128      -0.17859465
  129      -0.00331156
  130       0.04398737
  131      -0.21250652
  132       0.22481332
  133      -0.00206666
  134       0.04059191
  135      -0.18482699
  136      -0.00380284
  137       0.03460699
  138       0.07345306
  139       0.05747162
  140       0.08947155
  141      -0.17345841
  142       0.00146593
  143       0.01294872
  144      -0.18900994
  145       0.13380132
  146      -0.02111081
  147       0.01266806
  148      -0.12515629
  149       0.06629395
  150       0.06193425
  151       0.07709265
  152      -0.17395430
  153       0.14143571
  154      -0.01499806
  155       0.05018368
  156      -0.11928677
  157      -0.19887093
  158       0.13493785
  159      -0.00320598
  160       0.03726434
  161      -0.12651495
  162       0.07175822
  163       0.06268103
  164       0.07284281
  165      -0.17927426
  166       0.13380577
  167      -0.00068214
  168       0.02333237
  169      -0.11970274
  170       0.06102468
  171       0.06475914
  172       0.07024938
  173      -0.19086984
  174       0.13830516
  175       0.00052816
  176       0.02049091
  177      -0.11197137
  178       0.06021797
  179       0.06054278
  180       0.05440807
  181      -0.18057355
  182       0.14688818
  183      -0.01027893
  184       0.00722783
  185      -0.12294533
  186      -0.19296770
  187       0.13792664
  188      -0.00137218
  189       0.02753967
  190      -0.12266351
  191      -0.18451278
  192       0.13041035
  193      -0.00224530
  194       0.04090902
  195      -0.12399202
  196      -0.18492726
  197       0.13855819
  198       0.00263541
  199       0.02547420
  200      -0.11686198
  201      -0.18264768
  202       0.14618713
  203      -0.00102568
  204       0.02845330
  205      -0.13266222
  206       0.08352929
  207       0.07459460
  208       0.04522192
  209      -0.19138699
  210       0.13587223
  211       0.00488256
  212       0.00701501
  213      -0.10992744
  214      -0.18486230
  215       0.14918005
  216      -0.00428848
  217       0.03127766
  218      -0.13193845
  219       0.08075617
  220       0.05756772
  221       0.07262958
  222      -0.18984571
  223      -0.00011830
  224       0.03573247
  225      -0.18656845
  226       0.00489046
  227       0.01934316
  228       0.06001494
  229       0.06631111
  230       0.06712799
  231      -0.18983327
  232       0.00351468
  233       0.03203857
  234      -0.21351487
  235      -0.00640426
  236       0.02572735
  237       0.08572918
  238       0.07138838
  239       0.06183533
  240      -0.20710580
  241      -0.01504289
  242       0.05384268
  243       0.05941804
  244       0.07160333
  245       0.06683295
  246      -0.20328518
  247      -0.00223360
  248       0.03624520
  249       0.07626487
  250       0.05995973
  251       0.05945530
  252      -0.18299947
  253       0.00612056
  254       0.03951965
  255      -0.16615218
  256      -0.00020494
  257       0.03256660
  258       0.06297401
  259       0.07203140
  260       0.07411029
  261      -0.17910765
  262      -0.00077179
  263       0.02432632
  264       0.06471982
  265       0.07489594
  266       0.06956627
  267      -0.18171129
  268      -0.00304531
  269       0.02938769
  270      -0.18900274
  271      -0.00583102
  272       0.03130731
  273      -0.20327197
  274      -0.00245403
  275       0.03623029
  276      -0.17721334
  277      -0.01835090
  278      -0.04557859
  279      -0.02722179
  280      -0.05258538
  281       0.05214140
  282      -0.03161996
  283      -0.11042298
  284      -0.04567676
  285       0.11156186
  286       0.03245738
  287       0.03799491
  288       0.04273088
  289       0.04896115
  290       0.18659342
  291       0.03780843
  292      -0.47327549
  293       1.73143056
  294      -0.68366963
  295      -0.82515779
  296      -0.81212488
  297       0.80587220
  298      -0.02115119
  299      -0.04491981
  300      -0.03007861
  301      -0.05312462
  302       0.05018310
  303      -0.03481867
  304      -0.10735626
  305      -0.04636186
  306       0.11423680
  307       0.04419206
  308       0.04347856
  309       0.04561636
  310       0.04089248
  311       0.18011616
  312       0.04036247
  313      -0.47631294
  314       1.75524702
  315      -0.69842470
  316      -0.83217307
  317      -0.81488399
  318       0.77858212
  319      -0.02219370
  320      -0.04515733
  321      -0.03152303
  322      -0.05240353
  323       0.04759007
  324      -0.03053948
  325      -0.10872487
  326      -0.04979409
  327       0.10368550
  328       0.03595149
  329       0.04229630
  330       0.04369306
  331       0.03935042
  332       0.18307049
  333       0.04203532
  334      -0.49730171
  335       1.81285744
  336      -0.72963877
  337      -0.84562767
  338      -0.83681460
  339       0.75433319
  340      -0.02235219
  341      -0.04756265
  342      -0.03319196
  343      -0.05148897
  344       0.04324012
  345      -0.03427431
  346      -0.08690406
  347      -0.04131954
  348       0.11270929
  349       0.03764484
  350       0.03143963
  351       0.03877328
  352       0.04015781
  353       0.17532788
  354       0.05185580
  355      -0.49860420
  356       1.82450748
  357      -0.68671758
  358      -0.79205050
  359      -0.81768769
  360       0.82773594


 Atomic net (on-site) populations and hybridisation ratios
 Atom       Population         Hybrid.
    1       2.68224437      0.32943891
    2       2.76140778      0.30964806
    3       0.62134425      0.37865575
    4       2.69920992      0.32519752
    5       4.18798759      0.16240248
    6       1.09738400      0.45130800
    7       2.68283177      0.32929206
    8       2.76437329      0.30890668
    9       0.62695239      0.37304761
   10       2.68203098      0.32949225
   11       4.19173021      0.16165396
   12       1.09545794      0.45227103
   13       2.67396851      0.33150787
   14       2.75669003      0.31082749
   15       0.65454076      0.34545924
   16       2.67632285      0.33091929
   17       0.60857102      0.39142898
   18       0.60222296      0.39777704
   19       0.60448860      0.39551140
   20       4.18941670      0.16211666
   21       2.68819248      0.32795188
   22       2.76404675      0.30898831
   23       0.61401271      0.38598729
   24       2.68499338      0.32875166
   25       0.60454842      0.39545158
   26       0.60633372      0.39366628
   27       0.60540605      0.39459395
   28       4.19684901      0.16063020
   29       2.67886305      0.33028424
   30       2.76104198      0.30973950
   31       0.63278913      0.36721087
   32       2.67624103      0.33093974
   33       4.20878033      0.15824393
   34       1.11234838      0.44382581
   35       2.68358246      0.32910439
   36       2.76067829      0.30983043
   37       0.61994633      0.38005367
   38       2.68012072      0.32996982
   39       4.19102465      0.16179507
   40       1.08625996      0.45687002
   41       2.67901307      0.33024673
   42       2.77938635      0.30515341
   43       0.60608976      0.39391024
   44       2.66905325      0.33273669
   45       0.60204906      0.39795094
   46       0.59886641      0.40113359
   47       0.63540163      0.36459837
   48       4.22578259      0.15484348
   49       2.67437677      0.33140581
   50       2.75708490      0.31072877
   51       0.60442702      0.39557298
   52       2.68885286      0.32778679
   53       0.61134823      0.38865177
   54       0.59214609      0.40785391
   55       0.59585722      0.40414278
   56       4.20594545      0.15881091
   57       2.66691090      0.33327228
   58       2.76015498      0.30996126
   59       0.64952395      0.35047605
   60       2.68868986      0.32782754
   61       4.19705106      0.16058979
   62       1.09016738      0.45491631
   63       2.68583119      0.32854220
   64       2.75518382      0.31120404
   65       0.62612930      0.37387070
   66       2.68727562      0.32818109
   67       0.60169276      0.39830724
   68       0.61687995      0.38312005
   69       0.60749279      0.39250721
   70       4.22211565      0.15557687
   71       1.10747303      0.44626349
   72       2.68428036      0.32892991
   73       2.76211917      0.30947021
   74       0.62523138      0.37476862
   75       2.67663926      0.33084018
   76       4.20070641      0.15985872
   77       1.08221841      0.45889079
   78       2.67837595      0.33040601
   79       2.76403163      0.30899209
   80       0.63086428      0.36913572
   81       2.67560482      0.33109880
   82       0.62379256      0.37620744
   83       0.60765734      0.39234266
   84       0.60940914      0.39059086
   85       4.19816436      0.16036713
   86       1.08338883      0.45830559
   87       2.76836918      0.30790770
   88       0.62155940      0.37844060
   89       4.17543970      0.16491206
   90       2.76512353      0.30871912
   91       0.63981635      0.36018365
   92       0.61032323      0.38967677
   93       0.60438771      0.39561229
   94       0.61136937      0.38863063
   95       4.18748133      0.16250373
   96       2.76225678      0.30943580
   97       0.62718299      0.37281701
   98       4.19149622      0.16170076
   99       2.75759043      0.31060239
  100       0.62469499      0.37530501
  101       0.62050885      0.37949115
  102       0.60941840      0.39058160
  103       0.60439861      0.39560139
  104       4.18955747      0.16208851
  105       2.76050262      0.30987435
  106       0.62795578      0.37204422
  107       0.61097301      0.38902699
  108       0.60848240      0.39151760
  109       0.60006048      0.39993952
  110       4.20741394      0.15851721
  111       1.08138334      0.45930833
  112       2.79932340      0.30016915
  113       0.62767795      0.37232205
  114       4.22835399      0.15432920
  115       1.11268182      0.44365909
  116       2.75941179      0.31014705
  117       0.62911152      0.37088848
  118       0.61420317      0.38579683
  119       0.60997724      0.39002276
  120       0.60564067      0.39435933
  121       4.20226917      0.15954617
  122       1.08127343      0.45936329
  123       2.75943034      0.31014241
  124       0.61900210      0.38099790
  125       0.60194434      0.39805566
  126       0.61697264      0.38302736
  127       0.61478953      0.38521047
  128       4.19095484      0.16180903
  129       2.76376750      0.30905812
  130       0.61370197      0.38629803
  131       4.23208838      0.15358232
  132       1.10818336      0.44590832
  133       2.76152889      0.30961778
  134       0.61701061      0.38298939
  135       4.19648656      0.16070269
  136       2.76164290      0.30958928
  137       0.62370229      0.37629771
  138       0.60105702      0.39894298
  139       0.62109921      0.37890079
  140       0.58015315      0.41984685
  141       4.18569088      0.16286182
  142       2.75566383      0.31108404
  143       0.64088887      0.35911113
  144       4.19821168      0.16035766
  145       2.68627515      0.32843121
  146       2.78987924      0.30253019
  147       0.63649883      0.36350117
  148       2.68431001      0.32892250
  149       0.61144458      0.38855542
  150       0.61762114      0.38237886
  151       0.59449304      0.40550696
  152       4.19290342      0.16141932
  153       2.67149056      0.33212736
  154       2.77377532      0.30655617
  155       0.60576390      0.39423610
  156       2.68116757      0.32970811
  157       4.21902417      0.15619517
  158       2.68306945      0.32923264
  159       2.76160702      0.30959825
  160       0.62062037      0.37937963
  161       2.68769550      0.32807613
  162       0.60067619      0.39932381
  163       0.61561600      0.38438400
  164       0.60124365      0.39875635
  165       4.18990019      0.16201996
  166       2.68485714      0.32878572
  167       2.75729355      0.31067661
  168       0.63440911      0.36559089
  169       2.67805387      0.33048653
  170       0.61436710      0.38563290
  171       0.61481032      0.38518968
  172       0.60348036      0.39651964
  173       4.20674258      0.15865148
  174       2.67841342      0.33039664
  175       2.76048930      0.30987767
  176       0.63914668      0.36085332
  177       2.67400876      0.33149781
  178       0.61930439      0.38069561
  179       0.61504269      0.38495731
  180       0.62121106      0.37878894
  181       4.18876062      0.16224788
  182       2.66989378      0.33252655
  183       2.76737203      0.30815699
  184       0.64805627      0.35194373
  185       2.68356879      0.32910780
  186       4.20508235      0.15898353
  187       2.68055156      0.32986211
  188       2.75888682      0.31027829
  189       0.62973816      0.37026184
  190       2.68197188      0.32950703
  191       4.19712741      0.16057452
  192       2.68761881      0.32809530
  193       2.76168420      0.30957895
  194       0.61692205      0.38307795
  195       2.68537920      0.32865520
  196       4.19364187      0.16127163
  197       2.67817988      0.33045503
  198       2.75408877      0.31147781
  199       0.63278809      0.36721191
  200       2.67476263      0.33130934
  201       4.19289284      0.16142143
  202       2.66905041      0.33273740
  203       2.75967055      0.31008236
  204       0.62929526      0.37070474
  205       2.70023693      0.32494077
  206       0.59100324      0.40899676
  207       0.60109007      0.39890993
  208       0.62594761      0.37405239
  209       4.20758995      0.15848201
  210       2.67689102      0.33077725
  211       2.74753530      0.31311618
  212       0.64711988      0.35288012
  213       2.67055209      0.33236198
  214       4.19097240      0.16180552
  215       2.66366706      0.33408323
  216       2.76702458      0.30824386
  217       0.62673241      0.37326759
  218       2.69509152      0.32622712
  219       0.59536327      0.40463673
  220       0.61456369      0.38543631
  221       0.60295538      0.39704462
  222       4.19814606      0.16037079
  223       2.75720859      0.31069785
  224       0.62238400      0.37761600
  225       4.20117731      0.15976454
  226       2.75471757      0.31132061
  227       0.63966693      0.36033307
  228       0.61605270      0.38394730
  229       0.60672958      0.39327042
  230       0.61229398      0.38770602
  231       4.20106516      0.15978697
  232       2.75710569      0.31072358
  233       0.62579306      0.37420694
  234       4.23087658      0.15382468
  235       2.76255534      0.30936116
  236       0.62784792      0.37215208
  237       0.59301806      0.40698194
  238       0.60302856      0.39697144
  239       0.61338401      0.38661599
  240       4.22515137      0.15496973
  241       2.77510465      0.30622384
  242       0.60251367      0.39748633
  243       0.62134231      0.37865769
  244       0.59888676      0.40111324
  245       0.60834528      0.39165472
  246       4.22319131      0.15536174
  247       2.75988178      0.31002955
  248       0.62214936      0.37785064
  249       0.59823555      0.40176445
  250       0.61468918      0.38531082
  251       0.61112479      0.38887521
  252       4.19963283      0.16007343
  253       2.74728376      0.31317906
  254       0.61843540      0.38156460
  255       4.18241041      0.16351792
  256       2.75484811      0.31128797
  257       0.62359139      0.37640861
  258       0.61464866      0.38535134
  259       0.60113750      0.39886250
  260       0.60438265      0.39561735
  261       4.18918543      0.16216291
  262       2.75853100      0.31036725
  263       0.63250809      0.36749191
  264       0.61374332      0.38625668
  265       0.59952462      0.40047538
  266       0.60570864      0.39429136
  267       4.19486513      0.16102697
  268       2.76100062      0.30974984
  269       0.62836793      0.37163207
  270       4.20388419      0.15922316
  271       2.76157604      0.30960599
  272       0.62088687      0.37911313
  273       4.25074513      0.14985097
  274       2.76006813      0.30998297
  275       0.62190397      0.37809603
  276       4.18925712      0.16214858
  277       2.72543139      0.31864215
  278       2.75754647      0.31061338
  279       2.73964113      0.31508972
  280       2.76221750      0.30944563
  281       2.71461048      0.32134738
  282       2.78729099      0.30317725
  283       4.00444843      0.19911031
  284       2.81654445      0.29586389
  285       2.69545618      0.32613596
  286       0.62991658      0.37008342
  287       0.62861448      0.37138552
  288       0.62554759      0.37445241
  289       0.61608666      0.38391334
  290       0.48843648      0.51156352
  291       0.61032826      0.38967174
  292       5.90713601      0.01547733
  293       2.61585902      0.56402350
  294       6.18797487     -0.03132914
  295       6.36707057     -0.06117843
  296       6.35404321     -0.05900720
  297       0.19644401      0.80355599
  298       2.72899334      0.31775166
  299       2.75574474      0.31106381
  300       2.74202866      0.31449283
  301       2.76291238      0.30927190
  302       2.71673787      0.32081553
  303       2.79268552      0.30182862
  304       3.99973117      0.20005377
  305       2.81873631      0.29531592
  306       2.69331681      0.32667080
  307       0.61851990      0.38148010
  308       0.62429688      0.37570312
  309       0.62224733      0.37775267
  310       0.62370429      0.37629571
  311       0.49399456      0.50600544
  312       0.60669293      0.39330707
  313       5.91025293      0.01495785
  314       2.60244160      0.56625973
  315       6.22683573     -0.03780595
  316       6.37440998     -0.06240166
  317       6.35409011     -0.05901502
  318       0.20775457      0.79224543
  319       2.72982213      0.31754447
  320       2.75620211      0.31094947
  321       2.74390074      0.31402482
  322       2.76212727      0.30946818
  323       2.72032029      0.31991993
  324       2.78743462      0.30314134
  325       4.00369104      0.19926179
  326       2.82142883      0.29464279
  327       2.70411258      0.32397185
  328       0.62778654      0.37221346
  329       0.62469571      0.37530429
  330       0.62407885      0.37592115
  331       0.62611542      0.37388458
  332       0.49193614      0.50806386
  333       0.60758516      0.39241484
  334       5.94191948      0.00968009
  335       2.56977579      0.57170404
  336       6.25626787     -0.04271131
  337       6.39546044     -0.06591007
  338       6.38436462     -0.06406077
  339       0.23294730      0.76705270
  340       2.73056417      0.31735896
  341       2.75975586      0.31006103
  342       2.74582732      0.31354317
  343       2.76094051      0.30976487
  344       2.72345433      0.31913642
  345       2.79331695      0.30167076
  346       3.97323584      0.20535283
  347       2.81279774      0.29680057
  348       2.69346957      0.32663261
  349       0.62594200      0.37405800
  350       0.63630634      0.36369366
  351       0.62926053      0.37073947
  352       0.62509489      0.37490511
  353       0.49928524      0.50071476
  354       0.59520333      0.40479667
  355       5.94640177      0.00893304
  356       2.56394084      0.57267653
  357       6.17704688     -0.02950781
  358       6.32339487     -0.05389915
  359       6.35994937     -0.05999156
  360       0.22907427      0.77092573

Nr. of electrons (up):   1064.00000000
Atom populations (up)
 Atom       Population
    1       3.86591671
    2       4.00076308
    3       0.96287674
    4       4.13581061
    5       5.18058080
    6       1.77409563
    7       3.86492778
    8       4.00511199
    9       0.96933577
   10       4.12366095
   11       5.18025273
   12       1.78220940
   13       3.85706682
   14       4.00092298
   15       0.99998141
   16       4.11464871
   17       0.93066809
   18       0.92530940
   19       0.92894853
   20       5.17863548
   21       3.86948928
   22       4.00674950
   23       0.95587695
   24       4.12111479
   25       0.92511342
   26       0.93039149
   27       0.93746999
   28       5.18011313
   29       3.86177632
   30       4.00230346
   31       0.97487368
   32       4.11788494
   33       5.19453459
   34       1.79120844
   35       3.86456227
   36       4.00204903
   37       0.96225633
   38       4.11976768
   39       5.17953023
   40       1.77754627
   41       3.86687132
   42       4.01936153
   43       0.95021239
   44       4.10737084
   45       0.92849025
   46       0.92446086
   47       0.95939148
   48       5.20154232
   49       3.85871415
   50       4.00207298
   51       0.94988257
   52       4.12856067
   53       0.93308759
   54       0.91692310
   55       0.92063681
   56       5.18624155
   57       3.85160020
   58       4.00606318
   59       0.99313987
   60       4.12595790
   61       5.18134374
   62       1.77407718
   63       3.86637380
   64       3.99758902
   65       0.96855571
   66       4.12598843
   67       0.93280989
   68       0.94047242
   69       0.93031615
   70       5.19941169
   71       1.78278146
   72       3.86612275
   73       4.00362735
   74       0.96725304
   75       4.11826653
   76       5.18723489
   77       1.77922409
   78       3.86276736
   79       4.00356534
   80       0.97256140
   81       4.11821925
   82       0.94580370
   83       0.93185887
   84       0.93806786
   85       5.18337369
   86       1.78036684
   87       4.00868246
   88       0.96246744
   89       5.16939178
   90       4.00987735
   91       0.98492752
   92       0.93037890
   93       0.92992823
   94       0.93441340
   95       5.17979952
   96       4.00350960
   97       0.96875154
   98       5.17850647
   99       4.00129639
  100       0.96719804
  101       0.94291890
  102       0.93330050
  103       0.93084905
  104       5.17978246
  105       4.00340597
  106       0.97071012
  107       0.93408244
  108       0.93044027
  109       0.92738468
  110       5.19050778
  111       1.77479374
  112       4.03794513
  113       0.97522961
  114       5.20222630
  115       1.78515099
  116       4.00237698
  117       0.97090263
  118       0.93697897
  119       0.93149649
  120       0.93257533
  121       5.18805988
  122       1.77319345
  123       4.00226542
  124       0.96130573
  125       0.93136717
  126       0.93996258
  127       0.93642517
  128       5.17859465
  129       4.00331156
  130       0.95601263
  131       5.21250652
  132       1.77518668
  133       4.00206666
  134       0.95940809
  135       5.18482699
  136       4.00380284
  137       0.96539301
  138       0.92654694
  139       0.94252838
  140       0.91052845
  141       5.17345841
  142       3.99853407
  143       0.98705128
  144       5.18900994
  145       3.86619868
  146       4.02111081
  147       0.98733194
  148       4.12515629
  149       0.93370605
  150       0.93806575
  151       0.92290735
  152       5.17395430
  153       3.85856429
  154       4.01499806
  155       0.94981632
  156       4.11928677
  157       5.19887093
  158       3.86506215
  159       4.00320598
  160       0.96273566
  161       4.12651495
  162       0.92824178
  163       0.93731897
  164       0.92715719
  165       5.17927426
  166       3.86619423
  167       4.00068214
  168       0.97666763
  169       4.11970274
  170       0.93897532
  171       0.93524086
  172       0.92975062
  173       5.19086984
  174       3.86169484
  175       3.99947184
  176       0.97950909
  177       4.11197137
  178       0.93978203
  179       0.93945722
  180       0.94559193
  181       5.18057355
  182       3.85311182
  183       4.01027893
  184       0.99277217
  185       4.12294533
  186       5.19296770
  187       3.86207336
  188       4.00137218
  189       0.97246033
  190       4.12266351
  191       5.18451278
  192       3.86958965
  193       4.00224530
  194       0.95909098
  195       4.12399202
  196       5.18492726
  197       3.86144181
  198       3.99736459
  199       0.97452580
  200       4.11686198
  201       5.18264768
  202       3.85381287
  203       4.00102568
  204       0.97154670
  205       4.13266222
  206       0.91647071
  207       0.92540540
  208       0.95477808
  209       5.19138699
  210       3.86412777
  211       3.99511744
  212       0.99298499
  213       4.10992744
  214       5.18486230
  215       3.85081995
  216       4.00428848
  217       0.96872234
  218       4.13193845
  219       0.91924383
  220       0.94243228
  221       0.92737042
  222       5.18984571
  223       4.00011830
  224       0.96426753
  225       5.18656845
  226       3.99510954
  227       0.98065684
  228       0.93998506
  229       0.93368889
  230       0.93287201
  231       5.18983327
  232       3.99648532
  233       0.96796143
  234       5.21351487
  235       4.00640426
  236       0.97427265
  237       0.91427082
  238       0.92861162
  239       0.93816467
  240       5.20710580
  241       4.01504289
  242       0.94615732
  243       0.94058196
  244       0.92839667
  245       0.93316705
  246       5.20328518
  247       4.00223360
  248       0.96375480
  249       0.92373513
  250       0.94004027
  251       0.94054470
  252       5.18299947
  253       3.99387944
  254       0.96048035
  255       5.16615218
  256       4.00020494
  257       0.96743340
  258       0.93702599
  259       0.92796860
  260       0.92588971
  261       5.17910765
  262       4.00077179
  263       0.97567368
  264       0.93528018
  265       0.92510406
  266       0.93043373
  267       5.18171129
  268       4.00304531
  269       0.97061231
  270       5.18900274
  271       4.00583102
  272       0.96869269
  273       5.20327197
  274       4.00245403
  275       0.96376971
  276       5.17721334
  277       4.01835090
  278       4.04557859
  279       4.02722179
  280       4.05258538
  281       3.94785860
  282       4.03161996
  283       5.11042298
  284       4.04567676
  285       3.88843814
  286       0.96754262
  287       0.96200509
  288       0.95726912
  289       0.95103885
  290       0.81340658
  291       0.96219157
  292       6.47327549
  293       4.26856944
  294       6.68366963
  295       6.82515779
  296       6.81212488
  297       0.19412780
  298       4.02115119
  299       4.04491981
  300       4.03007861
  301       4.05312462
  302       3.94981690
  303       4.03481867
  304       5.10735626
  305       4.04636186
  306       3.88576320
  307       0.95580794
  308       0.95652144
  309       0.95438364
  310       0.95910752
  311       0.81988384
  312       0.95963753
  313       6.47631294
  314       4.24475298
  315       6.69842470
  316       6.83217307
  317       6.81488399
  318       0.22141788
  319       4.02219370
  320       4.04515733
  321       4.03152303
  322       4.05240353
  323       3.95240993
  324       4.03053948
  325       5.10872487
  326       4.04979409
  327       3.89631450
  328       0.96404851
  329       0.95770370
  330       0.95630694
  331       0.96064958
  332       0.81692951
  333       0.95796468
  334       6.49730171
  335       4.18714256
  336       6.72963877
  337       6.84562767
  338       6.83681460
  339       0.24566681
  340       4.02235219
  341       4.04756265
  342       4.03319196
  343       4.05148897
  344       3.95675988
  345       4.03427431
  346       5.08690406
  347       4.04131954
  348       3.88729071
  349       0.96235516
  350       0.96856037
  351       0.96122672
  352       0.95984219
  353       0.82467212
  354       0.94814420
  355       6.49860420
  356       4.17549252
  357       6.68671758
  358       6.79205050
  359       6.81768769
  360       0.17226406

l-shell populations (up)
 Atom Sh.   l       Population
    1   1   0       1.05990417
    1   2   1       2.80601254
    2   1   0       1.05812185
    2   2   1       2.94264123
    3   1   0       0.96287674
    4   1   0       1.03423147
    4   2   1       3.10157914
    5   1   0       1.33601096
    5   2   1       3.84456984
    6   1   0       1.11114113
    6   2   1       0.66295450
    7   1   0       1.05714189
    7   2   1       2.80778589
    8   1   0       1.05856457
    8   2   1       2.94654742
    9   1   0       0.96933577
   10   1   0       1.03275077
   10   2   1       3.09091017
   11   1   0       1.33650679
   11   2   1       3.84374594
   12   1   0       1.11171009
   12   2   1       0.67049931
   13   1   0       1.05854622
   13   2   1       2.79852060
   14   1   0       1.05447213
   14   2   1       2.94645085
   15   1   0       0.99998141
   16   1   0       1.03092565
   16   2   1       3.08372307
   17   1   0       0.93066809
   18   1   0       0.92530940
   19   1   0       0.92894853
   20   1   0       1.34020381
   20   2   1       3.83843168
   21   1   0       1.05490424
   21   2   1       2.81458504
   22   1   0       1.06161927
   22   2   1       2.94513023
   23   1   0       0.95587695
   24   1   0       1.02859249
   24   2   1       3.09252230
   25   1   0       0.92511342
   26   1   0       0.93039149
   27   1   0       0.93746999
   28   1   0       1.34238007
   28   2   1       3.83773306
   29   1   0       1.05616009
   29   2   1       2.80561623
   30   1   0       1.05788976
   30   2   1       2.94441370
   31   1   0       0.97487368
   32   1   0       1.03158573
   32   2   1       3.08629921
   33   1   0       1.34297028
   33   2   1       3.85156431
   34   1   0       1.11917389
   34   2   1       0.67203455
   35   1   0       1.05509721
   35   2   1       2.80946506
   36   1   0       1.05845707
   36   2   1       2.94359196
   37   1   0       0.96225633
   38   1   0       1.03150282
   38   2   1       3.08826486
   39   1   0       1.33557981
   39   2   1       3.84395042
   40   1   0       1.10970447
   40   2   1       0.66784180
   41   1   0       1.06153277
   41   2   1       2.80533855
   42   1   0       1.06060296
   42   2   1       2.95875857
   43   1   0       0.95021239
   44   1   0       1.02357611
   44   2   1       3.08379472
   45   1   0       0.92849025
   46   1   0       0.92446086
   47   1   0       0.95939148
   48   1   0       1.34481403
   48   2   1       3.85672830
   49   1   0       1.05520998
   49   2   1       2.80350417
   50   1   0       1.06052874
   50   2   1       2.94154424
   51   1   0       0.94988257
   52   1   0       1.03102685
   52   2   1       3.09753382
   53   1   0       0.93308759
   54   1   0       0.91692310
   55   1   0       0.92063681
   56   1   0       1.34710387
   56   2   1       3.83913768
   57   1   0       1.05098969
   57   2   1       2.80061051
   58   1   0       1.06029643
   58   2   1       2.94576675
   59   1   0       0.99313987
   60   1   0       1.03509746
   60   2   1       3.09086044
   61   1   0       1.34442985
   61   2   1       3.83691389
   62   1   0       1.09550067
   62   2   1       0.67857651
   63   1   0       1.05562482
   63   2   1       2.81074899
   64   1   0       1.05868274
   64   2   1       2.93890629
   65   1   0       0.96855571
   66   1   0       1.03363789
   66   2   1       3.09235054
   67   1   0       0.93280989
   68   1   0       0.94047242
   69   1   0       0.93031615
   70   1   0       1.35673694
   70   2   1       3.84267475
   71   1   0       1.10827762
   71   2   1       0.67450383
   72   1   0       1.05631662
   72   2   1       2.80980613
   73   1   0       1.05917218
   73   2   1       2.94445516
   74   1   0       0.96725304
   75   1   0       1.03179274
   75   2   1       3.08647379
   76   1   0       1.33994420
   76   2   1       3.84729069
   77   1   0       1.11070710
   77   2   1       0.66851699
   78   1   0       1.05677963
   78   2   1       2.80598773
   79   1   0       1.05550188
   79   2   1       2.94806346
   80   1   0       0.97256140
   81   1   0       1.02918531
   81   2   1       3.08903394
   82   1   0       0.94580370
   83   1   0       0.93185887
   84   1   0       0.93806786
   85   1   0       1.33729729
   85   2   1       3.84607640
   86   1   0       1.11103342
   86   2   1       0.66933342
   87   1   0       1.06183828
   87   2   1       2.94684418
   88   1   0       0.96246744
   89   1   0       1.33661479
   89   2   1       3.83277699
   90   1   0       1.06147803
   90   2   1       2.94839931
   91   1   0       0.98492752
   92   1   0       0.93037890
   93   1   0       0.92992823
   94   1   0       0.93441340
   95   1   0       1.33068493
   95   2   1       3.84911458
   96   1   0       1.05790599
   96   2   1       2.94560362
   97   1   0       0.96875154
   98   1   0       1.33393043
   98   2   1       3.84457604
   99   1   0       1.05991976
   99   2   1       2.94137663
  100   1   0       0.96719804
  101   1   0       0.94291890
  102   1   0       0.93330050
  103   1   0       0.93084905
  104   1   0       1.33598556
  104   2   1       3.84379690
  105   1   0       1.05961668
  105   2   1       2.94378929
  106   1   0       0.97071012
  107   1   0       0.93408244
  108   1   0       0.93044027
  109   1   0       0.92738468
  110   1   0       1.34448952
  110   2   1       3.84601826
  111   1   0       1.11065138
  111   2   1       0.66414236
  112   1   0       1.06237012
  112   2   1       2.97557501
  113   1   0       0.97522961
  114   1   0       1.34705147
  114   2   1       3.85517482
  115   1   0       1.11220099
  115   2   1       0.67295001
  116   1   0       1.05905730
  116   2   1       2.94331968
  117   1   0       0.97090263
  118   1   0       0.93697897
  119   1   0       0.93149649
  120   1   0       0.93257533
  121   1   0       1.34026340
  121   2   1       3.84779648
  122   1   0       1.11188387
  122   2   1       0.66130959
  123   1   0       1.05991025
  123   2   1       2.94235517
  124   1   0       0.96130573
  125   1   0       0.93136717
  126   1   0       0.93996258
  127   1   0       0.93642517
  128   1   0       1.33487770
  128   2   1       3.84371695
  129   1   0       1.06058535
  129   2   1       2.94272621
  130   1   0       0.95601263
  131   1   0       1.35137604
  131   2   1       3.86113047
  132   1   0       1.11178671
  132   2   1       0.66339997
  133   1   0       1.06036096
  133   2   1       2.94170570
  134   1   0       0.95940809
  135   1   0       1.34068974
  135   2   1       3.84413726
  136   1   0       1.05748084
  136   2   1       2.94632200
  137   1   0       0.96539301
  138   1   0       0.92654694
  139   1   0       0.94252838
  140   1   0       0.91052845
  141   1   0       1.33471122
  141   2   1       3.83874719
  142   1   0       1.05566608
  142   2   1       2.94286799
  143   1   0       0.98705128
  144   1   0       1.33617051
  144   2   1       3.85283943
  145   1   0       1.05918715
  145   2   1       2.80701154
  146   1   0       1.05191257
  146   2   1       2.96919825
  147   1   0       0.98733194
  148   1   0       1.03245156
  148   2   1       3.09270473
  149   1   0       0.93370605
  150   1   0       0.93806575
  151   1   0       0.92290735
  152   1   0       1.33171780
  152   2   1       3.84223650
  153   1   0       1.05729704
  153   2   1       2.80126725
  154   1   0       1.06153061
  154   2   1       2.95346744
  155   1   0       0.94981632
  156   1   0       1.02629494
  156   2   1       3.09299182
  157   1   0       1.34577184
  157   2   1       3.85309909
  158   1   0       1.05563246
  158   2   1       2.80942970
  159   1   0       1.05917873
  159   2   1       2.94402725
  160   1   0       0.96273566
  161   1   0       1.03133816
  161   2   1       3.09517680
  162   1   0       0.92824178
  163   1   0       0.93731897
  164   1   0       0.92715719
  165   1   0       1.33378532
  165   2   1       3.84548894
  166   1   0       1.05723276
  166   2   1       2.80896147
  167   1   0       1.05915527
  167   2   1       2.94152688
  168   1   0       0.97666763
  169   1   0       1.03236713
  169   2   1       3.08733562
  170   1   0       0.93897532
  171   1   0       0.93524086
  172   1   0       0.92975062
  173   1   0       1.34414162
  173   2   1       3.84672822
  174   1   0       1.05310235
  174   2   1       2.80859248
  175   1   0       1.05360792
  175   2   1       2.94586392
  176   1   0       0.97950909
  177   1   0       1.02994429
  177   2   1       3.08202709
  178   1   0       0.93978203
  179   1   0       0.93945722
  180   1   0       0.94559193
  181   1   0       1.32838055
  181   2   1       3.85219300
  182   1   0       1.05317199
  182   2   1       2.79993983
  183   1   0       1.05765045
  183   2   1       2.95262848
  184   1   0       0.99277217
  185   1   0       1.03282617
  185   2   1       3.09011916
  186   1   0       1.33493620
  186   2   1       3.85803151
  187   1   0       1.05581866
  187   2   1       2.80625470
  188   1   0       1.05874796
  188   2   1       2.94262423
  189   1   0       0.97246033
  190   1   0       1.03261933
  190   2   1       3.09004418
  191   1   0       1.33592310
  191   2   1       3.84858968
  192   1   0       1.05736169
  192   2   1       2.81222796
  193   1   0       1.06010157
  193   2   1       2.94214373
  194   1   0       0.95909098
  195   1   0       1.03358887
  195   2   1       3.09040315
  196   1   0       1.33784923
  196   2   1       3.84707803
  197   1   0       1.05714161
  197   2   1       2.80430020
  198   1   0       1.05806198
  198   2   1       2.93930261
  199   1   0       0.97452580
  200   1   0       1.03176626
  200   2   1       3.08509572
  201   1   0       1.33990757
  201   2   1       3.84274011
  202   1   0       1.05500941
  202   2   1       2.79880346
  203   1   0       1.05640654
  203   2   1       2.94461914
  204   1   0       0.97154670
  205   1   0       1.03234731
  205   2   1       3.10031491
  206   1   0       0.91647071
  207   1   0       0.92540540
  208   1   0       0.95477808
  209   1   0       1.34074114
  209   2   1       3.85064584
  210   1   0       1.06345203
  210   2   1       2.80067574
  211   1   0       1.05691726
  211   2   1       2.93820018
  212   1   0       0.99298499
  213   1   0       1.02632067
  213   2   1       3.08360678
  214   1   0       1.33887324
  214   2   1       3.84598906
  215   1   0       1.05492599
  215   2   1       2.79589396
  216   1   0       1.05687418
  216   2   1       2.94741430
  217   1   0       0.96872234
  218   1   0       1.03101465
  218   2   1       3.10092380
  219   1   0       0.91924383
  220   1   0       0.94243228
  221   1   0       0.92737042
  222   1   0       1.32979743
  222   2   1       3.86004828
  223   1   0       1.05790450
  223   2   1       2.94221381
  224   1   0       0.96426753
  225   1   0       1.34026896
  225   2   1       3.84629949
  226   1   0       1.05495090
  226   2   1       2.94015864
  227   1   0       0.98065684
  228   1   0       0.93998506
  229   1   0       0.93368889
  230   1   0       0.93287201
  231   1   0       1.34293083
  231   2   1       3.84690244
  232   1   0       1.05826531
  232   2   1       2.93822000
  233   1   0       0.96796143
  234   1   0       1.35097919
  234   2   1       3.86253568
  235   1   0       1.05629236
  235   2   1       2.95011189
  236   1   0       0.97427265
  237   1   0       0.91427082
  238   1   0       0.92861162
  239   1   0       0.93816467
  240   1   0       1.34344046
  240   2   1       3.86366534
  241   1   0       1.06087627
  241   2   1       2.95416662
  242   1   0       0.94615732
  243   1   0       0.94058196
  244   1   0       0.92839667
  245   1   0       0.93316705
  246   1   0       1.34794037
  246   2   1       3.85534481
  247   1   0       1.05849517
  247   2   1       2.94373842
  248   1   0       0.96375480
  249   1   0       0.92373513
  250   1   0       0.94004027
  251   1   0       0.94054470
  252   1   0       1.34419524
  252   2   1       3.83880423
  253   1   0       1.06064198
  253   2   1       2.93323747
  254   1   0       0.96048035
  255   1   0       1.33805486
  255   2   1       3.82809732
  256   1   0       1.06148782
  256   2   1       2.93871711
  257   1   0       0.96743340
  258   1   0       0.93702599
  259   1   0       0.92796860
  260   1   0       0.92588971
  261   1   0       1.33783883
  261   2   1       3.84126881
  262   1   0       1.05712573
  262   2   1       2.94364606
  263   1   0       0.97567368
  264   1   0       0.93528018
  265   1   0       0.92510406
  266   1   0       0.93043373
  267   1   0       1.33934133
  267   2   1       3.84236996
  268   1   0       1.05904868
  268   2   1       2.94399663
  269   1   0       0.97061231
  270   1   0       1.34147363
  270   2   1       3.84752912
  271   1   0       1.06249064
  271   2   1       2.94334038
  272   1   0       0.96869269
  273   1   0       1.38725077
  273   2   1       3.81602120
  274   1   0       1.05917279
  274   2   1       2.94328124
  275   1   0       0.96376971
  276   1   0       1.33852144
  276   2   1       3.83869190
  277   1   0       1.06997072
  277   2   1       2.94838017
  278   1   0       1.07607666
  278   2   1       2.96950193
  279   1   0       1.07569804
  279   2   1       2.95152376
  280   1   0       1.06915558
  280   2   1       2.98342980
  281   1   0       1.05582312
  281   2   1       2.89203549
  282   1   0       1.06769633
  282   2   1       2.96392362
  283   1   0       1.21888334
  283   2   1       3.89153964
  284   1   0       1.05850283
  284   2   1       2.98717394
  285   1   0       1.01992283
  285   2   1       2.86851531
  286   1   0       0.96754262
  287   1   0       0.96200509
  288   1   0       0.95726912
  289   1   0       0.95103885
  290   1   0       0.81340658
  291   1   0       0.96219157
  292   1   0       1.71371742
  292   2   1       4.75955806
  293   1   0       1.59699024
  293   2   1       1.66552936
  293   3   2       1.00604985
  294   1   0       1.75032612
  294   2   1       4.93334351
  295   1   0       1.77562400
  295   2   1       5.04953379
  296   1   0       1.77112204
  296   2   1       5.04100285
  297   1   0       0.08776053
  297   2   1       0.10636727
  298   1   0       1.07179871
  298   2   1       2.94935248
  299   1   0       1.07599326
  299   2   1       2.96892655
  300   1   0       1.07669210
  300   2   1       2.95338651
  301   1   0       1.06849517
  301   2   1       2.98462945
  302   1   0       1.05648999
  302   2   1       2.89332691
  303   1   0       1.06982528
  303   2   1       2.96499339
  304   1   0       1.21635433
  304   2   1       3.89100193
  305   1   0       1.05925385
  305   2   1       2.98710800
  306   1   0       1.01993221
  306   2   1       2.86583099
  307   1   0       0.95580794
  308   1   0       0.95652144
  309   1   0       0.95438364
  310   1   0       0.95910752
  311   1   0       0.81988384
  312   1   0       0.95963753
  313   1   0       1.71247930
  313   2   1       4.76383364
  314   1   0       1.59664784
  314   2   1       1.65116347
  314   3   2       0.99694167
  315   1   0       1.75341695
  315   2   1       4.94500775
  316   1   0       1.77995985
  316   2   1       5.05221322
  317   1   0       1.77189673
  317   2   1       5.04298726
  318   1   0       0.09130447
  318   2   1       0.13011342
  319   1   0       1.07186144
  319   2   1       2.95033225
  320   1   0       1.07670202
  320   2   1       2.96845530
  321   1   0       1.07536189
  321   2   1       2.95616114
  322   1   0       1.06749033
  322   2   1       2.98491319
  323   1   0       1.05758930
  323   2   1       2.89482063
  324   1   0       1.06952889
  324   2   1       2.96101058
  325   1   0       1.22148828
  325   2   1       3.88723658
  326   1   0       1.06841397
  326   2   1       2.98138012
  327   1   0       1.02491480
  327   2   1       2.87139969
  328   1   0       0.96404851
  329   1   0       0.95770370
  330   1   0       0.95630694
  331   1   0       0.96064958
  332   1   0       0.81692951
  333   1   0       0.95796468
  334   1   0       1.72280769
  334   2   1       4.77449401
  335   1   0       1.59939244
  335   2   1       1.60765323
  335   3   2       0.98009689
  336   1   0       1.75264229
  336   2   1       4.97699648
  337   1   0       1.79322094
  337   2   1       5.05240673
  338   1   0       1.77614502
  338   2   1       5.06066959
  339   1   0       0.09858647
  339   2   1       0.14708034
  340   1   0       1.07070542
  340   2   1       2.95164677
  341   1   0       1.07451266
  341   2   1       2.97304999
  342   1   0       1.07494003
  342   2   1       2.95825193
  343   1   0       1.06826149
  343   2   1       2.98322748
  344   1   0       1.05884444
  344   2   1       2.89791544
  345   1   0       1.07076868
  345   2   1       2.96350563
  346   1   0       1.20857387
  346   2   1       3.87833019
  347   1   0       1.06521009
  347   2   1       2.97610945
  348   1   0       1.02045032
  348   2   1       2.86684039
  349   1   0       0.96235516
  350   1   0       0.96856037
  351   1   0       0.96122672
  352   1   0       0.95984219
  353   1   0       0.82467212
  354   1   0       0.94814420
  355   1   0       1.72226342
  355   2   1       4.77634078
  356   1   0       1.59634751
  356   2   1       1.61623848
  356   3   2       0.96290654
  357   1   0       1.74166153
  357   2   1       4.94505605
  358   1   0       1.77972803
  358   2   1       5.01232248
  359   1   0       1.76979835
  359   2   1       5.04788934
  360   1   0       0.08255106
  360   2   1       0.08971299

Orbital populations (up)
 Atom Sh.   l   m       Population  Label
    1   1   0   0       1.05990417  s
    1   2   1  -1       0.93275412  p_y
    1   2   1   0       0.93686880  p_z
    1   2   1   1       0.93638961  p_x
    2   1   0   0       1.05812185  s
    2   2   1  -1       0.90383184  p_y
    2   2   1   0       1.02502286  p_z
    2   2   1   1       1.01378653  p_x
    3   1   0   0       0.96287674  s
    4   1   0   0       1.03423147  s
    4   2   1  -1       0.98302061  p_y
    4   2   1   0       1.04306559  p_z
    4   2   1   1       1.07549294  p_x
    5   1   0   0       1.33601096  s
    5   2   1  -1       1.17378035  p_y
    5   2   1   0       1.31114506  p_z
    5   2   1   1       1.35964443  p_x
    6   1   0   0       1.11114113  s
    6   2   1  -1       0.22040570  p_y
    6   2   1   0       0.21614314  p_z
    6   2   1   1       0.22640565  p_x
    7   1   0   0       1.05714189  s
    7   2   1  -1       0.94025651  p_y
    7   2   1   0       0.93719399  p_z
    7   2   1   1       0.93033539  p_x
    8   1   0   0       1.05856457  s
    8   2   1  -1       1.01858831  p_y
    8   2   1   0       1.02252098  p_z
    8   2   1   1       0.90543812  p_x
    9   1   0   0       0.96933577  s
   10   1   0   0       1.03275077  s
   10   2   1  -1       1.04897668  p_y
   10   2   1   0       1.04831653  p_z
   10   2   1   1       0.99361697  p_x
   11   1   0   0       1.33650679  s
   11   2   1  -1       1.36235211  p_y
   11   2   1   0       1.31842095  p_z
   11   2   1   1       1.16297288  p_x
   12   1   0   0       1.11171009  s
   12   2   1  -1       0.21462264  p_y
   12   2   1   0       0.23553749  p_z
   12   2   1   1       0.22033918  p_x
   13   1   0   0       1.05854622  s
   13   2   1  -1       0.96134863  p_y
   13   2   1   0       0.92315005  p_z
   13   2   1   1       0.91402193  p_x
   14   1   0   0       1.05447213  s
   14   2   1  -1       0.99273776  p_y
   14   2   1   0       0.98892900  p_z
   14   2   1   1       0.96478409  p_x
   15   1   0   0       0.99998141  s
   16   1   0   0       1.03092565  s
   16   2   1  -1       1.01184615  p_y
   16   2   1   0       1.03767733  p_z
   16   2   1   1       1.03419959  p_x
   17   1   0   0       0.93066809  s
   18   1   0   0       0.92530940  s
   19   1   0   0       0.92894853  s
   20   1   0   0       1.34020381  s
   20   2   1  -1       1.26502316  p_y
   20   2   1   0       1.25403158  p_z
   20   2   1   1       1.31937693  p_x
   21   1   0   0       1.05490424  s
   21   2   1  -1       0.94614777  p_y
   21   2   1   0       0.93707630  p_z
   21   2   1   1       0.93136096  p_x
   22   1   0   0       1.06161927  s
   22   2   1  -1       1.01279871  p_y
   22   2   1   0       1.00999104  p_z
   22   2   1   1       0.92234047  p_x
   23   1   0   0       0.95587695  s
   24   1   0   0       1.02859249  s
   24   2   1  -1       1.04727622  p_y
   24   2   1   0       1.03876773  p_z
   24   2   1   1       1.00647835  p_x
   25   1   0   0       0.92511342  s
   26   1   0   0       0.93039149  s
   27   1   0   0       0.93746999  s
   28   1   0   0       1.34238007  s
   28   2   1  -1       1.36857266  p_y
   28   2   1   0       1.28963123  p_z
   28   2   1   1       1.17952917  p_x
   29   1   0   0       1.05616009  s
   29   2   1  -1       0.93147929  p_y
   29   2   1   0       0.93279842  p_z
   29   2   1   1       0.94133852  p_x
   30   1   0   0       1.05788976  s
   30   2   1  -1       0.90686412  p_y
   30   2   1   0       1.01878392  p_z
   30   2   1   1       1.01876565  p_x
   31   1   0   0       0.97487368  s
   32   1   0   0       1.03158573  s
   32   2   1  -1       0.99680032  p_y
   32   2   1   0       1.04541389  p_z
   32   2   1   1       1.04408500  p_x
   33   1   0   0       1.34297028  s
   33   2   1  -1       1.17645889  p_y
   33   2   1   0       1.31976871  p_z
   33   2   1   1       1.35533671  p_x
   34   1   0   0       1.11917389  s
   34   2   1  -1       0.22312483  p_y
   34   2   1   0       0.22845153  p_z
   34   2   1   1       0.22045818  p_x
   35   1   0   0       1.05509721  s
   35   2   1  -1       0.93862663  p_y
   35   2   1   0       0.94108773  p_z
   35   2   1   1       0.92975070  p_x
   36   1   0   0       1.05845707  s
   36   2   1  -1       0.99966850  p_y
   36   2   1   0       1.02084921  p_z
   36   2   1   1       0.92307425  p_x
   37   1   0   0       0.96225633  s
   38   1   0   0       1.03150282  s
   38   2   1  -1       1.04556840  p_y
   38   2   1   0       1.04052928  p_z
   38   2   1   1       1.00216717  p_x
   39   1   0   0       1.33557981  s
   39   2   1  -1       1.36445411  p_y
   39   2   1   0       1.30932986  p_z
   39   2   1   1       1.17016645  p_x
   40   1   0   0       1.10970447  s
   40   2   1  -1       0.22064476  p_y
   40   2   1   0       0.22324049  p_z
   40   2   1   1       0.22395656  p_x
   41   1   0   0       1.06153277  s
   41   2   1  -1       0.94056433  p_y
   41   2   1   0       0.93012568  p_z
   41   2   1   1       0.93464854  p_x
   42   1   0   0       1.06060296  s
   42   2   1  -1       0.92570067  p_y
   42   2   1   0       1.01509374  p_z
   42   2   1   1       1.01796417  p_x
   43   1   0   0       0.95021239  s
   44   1   0   0       1.02357611  s
   44   2   1  -1       0.98313100  p_y
   44   2   1   0       1.06153401  p_z
   44   2   1   1       1.03912971  p_x
   45   1   0   0       0.92849025  s
   46   1   0   0       0.92446086  s
   47   1   0   0       0.95939148  s
   48   1   0   0       1.34481403  s
   48   2   1  -1       1.16928670  p_y
   48   2   1   0       1.29375913  p_z
   48   2   1   1       1.39368246  p_x
   49   1   0   0       1.05520998  s
   49   2   1  -1       0.91194804  p_y
   49   2   1   0       0.91440388  p_z
   49   2   1   1       0.97715224  p_x
   50   1   0   0       1.06052874  s
   50   2   1  -1       0.94414490  p_y
   50   2   1   0       0.96890947  p_z
   50   2   1   1       1.02848987  p_x
   51   1   0   0       0.94988257  s
   52   1   0   0       1.03102685  s
   52   2   1  -1       1.03466008  p_y
   52   2   1   0       1.02815602  p_z
   52   2   1   1       1.03471772  p_x
   53   1   0   0       0.93308759  s
   54   1   0   0       0.91692310  s
   55   1   0   0       0.92063681  s
   56   1   0   0       1.34710387  s
   56   2   1  -1       1.33158241  p_y
   56   2   1   0       1.18279037  p_z
   56   2   1   1       1.32476490  p_x
   57   1   0   0       1.05098969  s
   57   2   1  -1       0.92394482  p_y
   57   2   1   0       0.96490330  p_z
   57   2   1   1       0.91176239  p_x
   58   1   0   0       1.06029643  s
   58   2   1  -1       0.96334462  p_y
   58   2   1   0       1.00445224  p_z
   58   2   1   1       0.97796989  p_x
   59   1   0   0       0.99313987  s
   60   1   0   0       1.03509746  s
   60   2   1  -1       1.03103858  p_y
   60   2   1   0       1.02281146  p_z
   60   2   1   1       1.03701041  p_x
   61   1   0   0       1.34442985  s
   61   2   1  -1       1.29898485  p_y
   61   2   1   0       1.28635846  p_z
   61   2   1   1       1.25157058  p_x
   62   1   0   0       1.09550067  s
   62   2   1  -1       0.23214533  p_y
   62   2   1   0       0.21095514  p_z
   62   2   1   1       0.23547604  p_x
   63   1   0   0       1.05562482  s
   63   2   1  -1       0.93795202  p_y
   63   2   1   0       0.94266377  p_z
   63   2   1   1       0.93013319  p_x
   64   1   0   0       1.05868274  s
   64   2   1  -1       1.00815609  p_y
   64   2   1   0       0.94726982  p_z
   64   2   1   1       0.98348038  p_x
   65   1   0   0       0.96855571  s
   66   1   0   0       1.03363789  s
   66   2   1  -1       1.04369378  p_y
   66   2   1   0       0.99800807  p_z
   66   2   1   1       1.05064870  p_x
   67   1   0   0       0.93280989  s
   68   1   0   0       0.94047242  s
   69   1   0   0       0.93031615  s
   70   1   0   0       1.35673694  s
   70   2   1  -1       1.27420139  p_y
   70   2   1   0       1.20622079  p_z
   70   2   1   1       1.36225256  p_x
   71   1   0   0       1.10827762  s
   71   2   1  -1       0.22241224  p_y
   71   2   1   0       0.23286149  p_z
   71   2   1   1       0.21923010  p_x
   72   1   0   0       1.05631662  s
   72   2   1  -1       0.93318428  p_y
   72   2   1   0       0.94133344  p_z
   72   2   1   1       0.93528841  p_x
   73   1   0   0       1.05917218  s
   73   2   1  -1       0.99835994  p_y
   73   2   1   0       0.92938424  p_z
   73   2   1   1       1.01671098  p_x
   74   1   0   0       0.96725304  s
   75   1   0   0       1.03179274  s
   75   2   1  -1       1.04247776  p_y
   75   2   1   0       1.00427811  p_z
   75   2   1   1       1.03971791  p_x
   76   1   0   0       1.33994420  s
   76   2   1  -1       1.35658169  p_y
   76   2   1   0       1.19821093  p_z
   76   2   1   1       1.29249807  p_x
   77   1   0   0       1.11070710  s
   77   2   1  -1       0.22026484  p_y
   77   2   1   0       0.21833016  p_z
   77   2   1   1       0.22992200  p_x
   78   1   0   0       1.05677963  s
   78   2   1  -1       0.93605239  p_y
   78   2   1   0       0.93418289  p_z
   78   2   1   1       0.93575245  p_x
   79   1   0   0       1.05550188  s
   79   2   1  -1       1.02127578  p_y
   79   2   1   0       0.92201334  p_z
   79   2   1   1       1.00477434  p_x
   80   1   0   0       0.97256140  s
   81   1   0   0       1.02918531  s
   81   2   1  -1       1.03794185  p_y
   81   2   1   0       1.00342040  p_z
   81   2   1   1       1.04767169  p_x
   82   1   0   0       0.94580370  s
   83   1   0   0       0.93185887  s
   84   1   0   0       0.93806786  s
   85   1   0   0       1.33729729  s
   85   2   1  -1       1.32082587  p_y
   85   2   1   0       1.16498559  p_z
   85   2   1   1       1.36026493  p_x
   86   1   0   0       1.11103342  s
   86   2   1  -1       0.23442347  p_y
   86   2   1   0       0.21574288  p_z
   86   2   1   1       0.21916707  p_x
   87   1   0   0       1.06183828  s
   87   2   1  -1       1.01161511  p_y
   87   2   1   0       0.92021035  p_z
   87   2   1   1       1.01501872  p_x
   88   1   0   0       0.96246744  s
   89   1   0   0       1.33661479  s
   89   2   1  -1       1.35949494  p_y
   89   2   1   0       1.19158766  p_z
   89   2   1   1       1.28169439  p_x
   90   1   0   0       1.06147803  s
   90   2   1  -1       0.96058991  p_y
   90   2   1   0       1.02049337  p_z
   90   2   1   1       0.96731603  p_x
   91   1   0   0       0.98492752  s
   92   1   0   0       0.93037890  s
   93   1   0   0       0.92992823  s
   94   1   0   0       0.93441340  s
   95   1   0   0       1.33068493  s
   95   2   1  -1       1.21024067  p_y
   95   2   1   0       1.28866960  p_z
   95   2   1   1       1.35020431  p_x
   96   1   0   0       1.05790599  s
   96   2   1  -1       0.99708952  p_y
   96   2   1   0       0.94612912  p_z
   96   2   1   1       1.00238497  p_x
   97   1   0   0       0.96875154  s
   98   1   0   0       1.33393043  s
   98   2   1  -1       1.36093723  p_y
   98   2   1   0       1.21364133  p_z
   98   2   1   1       1.26999748  p_x
   99   1   0   0       1.05991976  s
   99   2   1  -1       1.01450568  p_y
   99   2   1   0       0.93061828  p_z
   99   2   1   1       0.99625268  p_x
  100   1   0   0       0.96719804  s
  101   1   0   0       0.94291890  s
  102   1   0   0       0.93330050  s
  103   1   0   0       0.93084905  s
  104   1   0   0       1.33598556  s
  104   2   1  -1       1.30055357  p_y
  104   2   1   0       1.19019225  p_z
  104   2   1   1       1.35305108  p_x
  105   1   0   0       1.05961668  s
  105   2   1  -1       1.02319100  p_y
  105   2   1   0       1.01306042  p_z
  105   2   1   1       0.90753787  p_x
  106   1   0   0       0.97071012  s
  107   1   0   0       0.93408244  s
  108   1   0   0       0.93044027  s
  109   1   0   0       0.92738468  s
  110   1   0   0       1.34448952  s
  110   2   1  -1       1.32460659  p_y
  110   2   1   0       1.36615149  p_z
  110   2   1   1       1.15526019  p_x
  111   1   0   0       1.11065138  s
  111   2   1  -1       0.22974068  p_y
  111   2   1   0       0.21676487  p_z
  111   2   1   1       0.21763682  p_x
  112   1   0   0       1.06237012  s
  112   2   1  -1       0.96063992  p_y
  112   2   1   0       0.94917717  p_z
  112   2   1   1       1.06575793  p_x
  113   1   0   0       0.97522961  s
  114   1   0   0       1.34705147  s
  114   2   1  -1       1.21549374  p_y
  114   2   1   0       1.31168720  p_z
  114   2   1   1       1.32799388  p_x
  115   1   0   0       1.11220099  s
  115   2   1  -1       0.22402610  p_y
  115   2   1   0       0.21791531  p_z
  115   2   1   1       0.23100860  p_x
  116   1   0   0       1.05905730  s
  116   2   1  -1       0.90954291  p_y
  116   2   1   0       1.00571521  p_z
  116   2   1   1       1.02806156  p_x
  117   1   0   0       0.97090263  s
  118   1   0   0       0.93697897  s
  119   1   0   0       0.93149649  s
  120   1   0   0       0.93257533  s
  121   1   0   0       1.34026340  s
  121   2   1  -1       1.15386301  p_y
  121   2   1   0       1.36472351  p_z
  121   2   1   1       1.32920997  p_x
  122   1   0   0       1.11188387  s
  122   2   1  -1       0.21349038  p_y
  122   2   1   0       0.21702558  p_z
  122   2   1   1       0.23079363  p_x
  123   1   0   0       1.05991025  s
  123   2   1  -1       1.01498966  p_y
  123   2   1   0       1.00817652  p_z
  123   2   1   1       0.91918899  p_x
  124   1   0   0       0.96130573  s
  125   1   0   0       0.93136717  s
  126   1   0   0       0.93996258  s
  127   1   0   0       0.93642517  s
  128   1   0   0       1.33487770  s
  128   2   1  -1       1.28716118  p_y
  128   2   1   0       1.36798810  p_z
  128   2   1   1       1.18856767  p_x
  129   1   0   0       1.06058535  s
  129   2   1  -1       0.91945568  p_y
  129   2   1   0       1.00584336  p_z
  129   2   1   1       1.01742716  p_x
  130   1   0   0       0.95601263  s
  131   1   0   0       1.35137604  s
  131   2   1  -1       1.17468356  p_y
  131   2   1   0       1.39675840  p_z
  131   2   1   1       1.28968851  p_x
  132   1   0   0       1.11178671  s
  132   2   1  -1       0.22600779  p_y
  132   2   1   0       0.22534989  p_z
  132   2   1   1       0.21204229  p_x
  133   1   0   0       1.06036096  s
  133   2   1  -1       1.02201573  p_y
  133   2   1   0       0.99885480  p_z
  133   2   1   1       0.92083516  p_x
  134   1   0   0       0.95940809  s
  135   1   0   0       1.34068974  s
  135   2   1  -1       1.29244401  p_y
  135   2   1   0       1.37505022  p_z
  135   2   1   1       1.17664303  p_x
  136   1   0   0       1.05748084  s
  136   2   1  -1       0.90794428  p_y
  136   2   1   0       1.01220900  p_z
  136   2   1   1       1.02616872  p_x
  137   1   0   0       0.96539301  s
  138   1   0   0       0.92654694  s
  139   1   0   0       0.94252838  s
  140   1   0   0       0.91052845  s
  141   1   0   0       1.33471122  s
  141   2   1  -1       1.15272609  p_y
  141   2   1   0       1.36160487  p_z
  141   2   1   1       1.32441623  p_x
  142   1   0   0       1.05566608  s
  142   2   1  -1       0.99827800  p_y
  142   2   1   0       0.97275825  p_z
  142   2   1   1       0.97183174  p_x
  143   1   0   0       0.98705128  s
  144   1   0   0       1.33617051  s
  144   2   1  -1       1.29057597  p_y
  144   2   1   0       1.31757480  p_z
  144   2   1   1       1.24468866  p_x
  145   1   0   0       1.05918715  s
  145   2   1  -1       0.93545321  p_y
  145   2   1   0       0.92253829  p_z
  145   2   1   1       0.94902003  p_x
  146   1   0   0       1.05191257  s
  146   2   1  -1       0.91506615  p_y
  146   2   1   0       1.01268985  p_z
  146   2   1   1       1.04144225  p_x
  147   1   0   0       0.98733194  s
  148   1   0   0       1.03245156  s
  148   2   1  -1       0.99424965  p_y
  148   2   1   0       1.05702823  p_z
  148   2   1   1       1.04142685  p_x
  149   1   0   0       0.93370605  s
  150   1   0   0       0.93806575  s
  151   1   0   0       0.92290735  s
  152   1   0   0       1.33171780  s
  152   2   1  -1       1.17442973  p_y
  152   2   1   0       1.30759214  p_z
  152   2   1   1       1.36021462  p_x
  153   1   0   0       1.05729704  s
  153   2   1  -1       0.93215824  p_y
  153   2   1   0       0.91810769  p_z
  153   2   1   1       0.95100132  p_x
  154   1   0   0       1.06153061  s
  154   2   1  -1       0.98496985  p_y
  154   2   1   0       0.99357218  p_z
  154   2   1   1       0.97492542  p_x
  155   1   0   0       0.94981632  s
  156   1   0   0       1.02629494  s
  156   2   1  -1       1.03158699  p_y
  156   2   1   0       1.04712480  p_z
  156   2   1   1       1.01428004  p_x
  157   1   0   0       1.34577184  s
  157   2   1  -1       1.36274336  p_y
  157   2   1   0       1.26124218  p_z
  157   2   1   1       1.22911355  p_x
  158   1   0   0       1.05563246  s
  158   2   1  -1       0.93279423  p_y
  158   2   1   0       0.94667554  p_z
  158   2   1   1       0.92995993  p_x
  159   1   0   0       1.05917873  s
  159   2   1  -1       0.92358521  p_y
  159   2   1   0       1.02762018  p_z
  159   2   1   1       0.99282186  p_x
  160   1   0   0       0.96273566  s
  161   1   0   0       1.03133816  s
  161   2   1  -1       0.99825285  p_y
  161   2   1   0       1.04893710  p_z
  161   2   1   1       1.04798685  p_x
  162   1   0   0       0.92824178  s
  163   1   0   0       0.93731897  s
  164   1   0   0       0.92715719  s
  165   1   0   0       1.33378532  s
  165   2   1  -1       1.17901437  p_y
  165   2   1   0       1.30716297  p_z
  165   2   1   1       1.35931160  p_x
  166   1   0   0       1.05723276  s
  166   2   1  -1       0.93648746  p_y
  166   2   1   0       0.93851356  p_z
  166   2   1   1       0.93396045  p_x
  167   1   0   0       1.05915527  s
  167   2   1  -1       1.00525681  p_y
  167   2   1   0       1.01952392  p_z
  167   2   1   1       0.91674615  p_x
  168   1   0   0       0.97666763  s
  169   1   0   0       1.03236713  s
  169   2   1  -1       1.04551979  p_y
  169   2   1   0       1.04378384  p_z
  169   2   1   1       0.99803199  p_x
  170   1   0   0       0.93897532  s
  171   1   0   0       0.93524086  s
  172   1   0   0       0.92975062  s
  173   1   0   0       1.34414162  s
  173   2   1  -1       1.35914896  p_y
  173   2   1   0       1.30938835  p_z
  173   2   1   1       1.17819091  p_x
  174   1   0   0       1.05310235  s
  174   2   1  -1       0.93784768  p_y
  174   2   1   0       0.93176504  p_z
  174   2   1   1       0.93897976  p_x
  175   1   0   0       1.05360792  s
  175   2   1  -1       0.94143906  p_y
  175   2   1   0       1.00215484  p_z
  175   2   1   1       1.00227002  p_x
  176   1   0   0       0.97950909  s
  177   1   0   0       1.02994429  s
  177   2   1  -1       1.01473457  p_y
  177   2   1   0       1.03455818  p_z
  177   2   1   1       1.03273434  p_x
  178   1   0   0       0.93978203  s
  179   1   0   0       0.93945722  s
  180   1   0   0       0.94559193  s
  181   1   0   0       1.32838055  s
  181   2   1  -1       1.21112754  p_y
  181   2   1   0       1.26447830  p_z
  181   2   1   1       1.37658715  p_x
  182   1   0   0       1.05317199  s
  182   2   1  -1       0.90925394  p_y
  182   2   1   0       0.92667744  p_z
  182   2   1   1       0.96400846  p_x
  183   1   0   0       1.05765045  s
  183   2   1  -1       0.95667402  p_y
  183   2   1   0       0.98694878  p_z
  183   2   1   1       1.00900568  p_x
  184   1   0   0       0.99277217  s
  185   1   0   0       1.03282617  s
  185   2   1  -1       1.03619714  p_y
  185   2   1   0       1.03610759  p_z
  185   2   1   1       1.01781444  p_x
  186   1   0   0       1.33493620  s
  186   2   1  -1       1.32793068  p_y
  186   2   1   0       1.24708130  p_z
  186   2   1   1       1.28301952  p_x
  187   1   0   0       1.05581866  s
  187   2   1  -1       0.94617394  p_y
  187   2   1   0       0.91553538  p_z
  187   2   1   1       0.94454538  p_x
  188   1   0   0       1.05874796  s
  188   2   1  -1       0.94303267  p_y
  188   2   1   0       0.99044160  p_z
  188   2   1   1       1.00914996  p_x
  189   1   0   0       0.97246033  s
  190   1   0   0       1.03261933  s
  190   2   1  -1       1.00771561  p_y
  190   2   1   0       1.04052013  p_z
  190   2   1   1       1.04180844  p_x
  191   1   0   0       1.33592310  s
  191   2   1  -1       1.22387197  p_y
  191   2   1   0       1.27421742  p_z
  191   2   1   1       1.35050028  p_x
  192   1   0   0       1.05736169  s
  192   2   1  -1       0.94354436  p_y
  192   2   1   0       0.93641903  p_z
  192   2   1   1       0.93226457  p_x
  193   1   0   0       1.06010157  s
  193   2   1  -1       1.00785679  p_y
  193   2   1   0       1.01900088  p_z
  193   2   1   1       0.91528606  p_x
  194   1   0   0       0.95909098  s
  195   1   0   0       1.03358887  s
  195   2   1  -1       1.05472373  p_y
  195   2   1   0       1.04709669  p_z
  195   2   1   1       0.98858274  p_x
  196   1   0   0       1.33784923  s
  196   2   1  -1       1.35921325  p_y
  196   2   1   0       1.30537448  p_z
  196   2   1   1       1.18249030  p_x
  197   1   0   0       1.05714161  s
  197   2   1  -1       0.94492498  p_y
  197   2   1   0       0.92742771  p_z
  197   2   1   1       0.93194751  p_x
  198   1   0   0       1.05806198  s
  198   2   1  -1       1.02114150  p_y
  198   2   1   0       0.89856940  p_z
  198   2   1   1       1.01959171  p_x
  199   1   0   0       0.97452580  s
  200   1   0   0       1.03176626  s
  200   2   1  -1       1.04589892  p_y
  200   2   1   0       0.99389053  p_z
  200   2   1   1       1.04530627  p_x
  201   1   0   0       1.33990757  s
  201   2   1  -1       1.36686641  p_y
  201   2   1   0       1.15535326  p_z
  201   2   1   1       1.32052044  p_x
  202   1   0   0       1.05500941  s
  202   2   1  -1       0.93103927  p_y
  202   2   1   0       0.93045424  p_z
  202   2   1   1       0.93730996  p_x
  203   1   0   0       1.05640654  s
  203   2   1  -1       1.02015666  p_y
  203   2   1   0       0.90680297  p_z
  203   2   1   1       1.01765951  p_x
  204   1   0   0       0.97154670  s
  205   1   0   0       1.03234731  s
  205   2   1  -1       1.07577381  p_y
  205   2   1   0       0.98264345  p_z
  205   2   1   1       1.04189765  p_x
  206   1   0   0       0.91647071  s
  207   1   0   0       0.92540540  s
  208   1   0   0       0.95477808  s
  209   1   0   0       1.34074114  s
  209   2   1  -1       1.33454540  p_y
  209   2   1   0       1.16522902  p_z
  209   2   1   1       1.35087143  p_x
  210   1   0   0       1.06345203  s
  210   2   1  -1       0.91472239  p_y
  210   2   1   0       0.96610845  p_z
  210   2   1   1       0.91984490  p_x
  211   1   0   0       1.05691726  s
  211   2   1  -1       0.97447213  p_y
  211   2   1   0       0.98286554  p_z
  211   2   1   1       0.98086251  p_x
  212   1   0   0       0.99298499  s
  213   1   0   0       1.02632067  s
  213   2   1  -1       1.03629293  p_y
  213   2   1   0       1.01732311  p_z
  213   2   1   1       1.02999073  p_x
  214   1   0   0       1.33887324  s
  214   2   1  -1       1.35422077  p_y
  214   2   1   0       1.25503079  p_z
  214   2   1   1       1.23673749  p_x
  215   1   0   0       1.05492599  s
  215   2   1  -1       0.92663506  p_y
  215   2   1   0       0.93458376  p_z
  215   2   1   1       0.93467514  p_x
  216   1   0   0       1.05687418  s
  216   2   1  -1       1.02330783  p_y
  216   2   1   0       0.89827523  p_z
  216   2   1   1       1.02583124  p_x
  217   1   0   0       0.96872234  s
  218   1   0   0       1.03101465  s
  218   2   1  -1       1.06262681  p_y
  218   2   1   0       0.98438220  p_z
  218   2   1   1       1.05391479  p_x
  219   1   0   0       0.91924383  s
  220   1   0   0       0.94243228  s
  221   1   0   0       0.92737042  s
  222   1   0   0       1.32979743  s
  222   2   1  -1       1.34028802  p_y
  222   2   1   0       1.16579551  p_z
  222   2   1   1       1.35396475  p_x
  223   1   0   0       1.05790450  s
  223   2   1  -1       1.01014421  p_y
  223   2   1   0       0.90548537  p_z
  223   2   1   1       1.02658422  p_x
  224   1   0   0       0.96426753  s
  225   1   0   0       1.34026896  s
  225   2   1  -1       1.35749473  p_y
  225   2   1   0       1.14958721  p_z
  225   2   1   1       1.33921755  p_x
  226   1   0   0       1.05495090  s
  226   2   1  -1       1.03642469  p_y
  226   2   1   0       0.89545486  p_z
  226   2   1   1       1.00827909  p_x
  227   1   0   0       0.98065684  s
  228   1   0   0       0.93998506  s
  229   1   0   0       0.93368889  s
  230   1   0   0       0.93287201  s
  231   1   0   0       1.34293083  s
  231   2   1  -1       1.32449925  p_y
  231   2   1   0       1.15385342  p_z
  231   2   1   1       1.36854978  p_x
  232   1   0   0       1.05826531  s
  232   2   1  -1       1.00646124  p_y
  232   2   1   0       0.90837518  p_z
  232   2   1   1       1.02338358  p_x
  233   1   0   0       0.96796143  s
  234   1   0   0       1.35097919  s
  234   2   1  -1       1.34715969  p_y
  234   2   1   0       1.17157991  p_z
  234   2   1   1       1.34379607  p_x
  235   1   0   0       1.05629236  s
  235   2   1  -1       0.98610190  p_y
  235   2   1   0       0.98503384  p_z
  235   2   1   1       0.97897615  p_x
  236   1   0   0       0.97427265  s
  237   1   0   0       0.91427082  s
  238   1   0   0       0.92861162  s
  239   1   0   0       0.93816467  s
  240   1   0   0       1.34344046  s
  240   2   1  -1       1.24400898  p_y
  240   2   1   0       1.27257371  p_z
  240   2   1   1       1.34708264  p_x
  241   1   0   0       1.06087627  s
  241   2   1  -1       0.99962723  p_y
  241   2   1   0       0.98233150  p_z
  241   2   1   1       0.97220789  p_x
  242   1   0   0       0.94615732  s
  243   1   0   0       0.94058196  s
  244   1   0   0       0.92839667  s
  245   1   0   0       0.93316705  s
  246   1   0   0       1.34794037  s
  246   2   1  -1       1.23846872  p_y
  246   2   1   0       1.38241816  p_z
  246   2   1   1       1.23445793  p_x
  247   1   0   0       1.05849517  s
  247   2   1  -1       1.02377301  p_y
  247   2   1   0       1.00258628  p_z
  247   2   1   1       0.91737914  p_x
  248   1   0   0       0.96375480  s
  249   1   0   0       0.92373513  s
  250   1   0   0       0.94004027  s
  251   1   0   0       0.94054470  s
  252   1   0   0       1.34419524  s
  252   2   1  -1       1.30877341  p_y
  252   2   1   0       1.35758973  p_z
  252   2   1   1       1.17244109  p_x
  253   1   0   0       1.06064198  s
  253   2   1  -1       0.94921871  p_y
  253   2   1   0       0.98889464  p_z
  253   2   1   1       0.99512411  p_x
  254   1   0   0       0.96048035  s
  255   1   0   0       1.33805486  s
  255   2   1  -1       1.18377722  p_y
  255   2   1   0       1.40242495  p_z
  255   2   1   1       1.24189516  p_x
  256   1   0   0       1.06148782  s
  256   2   1  -1       0.98233732  p_y
  256   2   1   0       0.96472797  p_z
  256   2   1   1       0.99165183  p_x
  257   1   0   0       0.96743340  s
  258   1   0   0       0.93702599  s
  259   1   0   0       0.92796860  s
  260   1   0   0       0.92588971  s
  261   1   0   0       1.33783883  s
  261   2   1  -1       1.23435053  p_y
  261   2   1   0       1.31022308  p_z
  261   2   1   1       1.29669520  p_x
  262   1   0   0       1.05712573  s
  262   2   1  -1       0.94667432  p_y
  262   2   1   0       0.97536419  p_z
  262   2   1   1       1.02160755  p_x
  263   1   0   0       0.97567368  s
  264   1   0   0       0.93528018  s
  265   1   0   0       0.92510406  s
  266   1   0   0       0.93043373  s
  267   1   0   0       1.33934133  s
  267   2   1  -1       1.19386056  p_y
  267   2   1   0       1.35797815  p_z
  267   2   1   1       1.29053126  p_x
  268   1   0   0       1.05904868  s
  268   2   1  -1       1.01731395  p_y
  268   2   1   0       1.00728101  p_z
  268   2   1   1       0.91940168  p_x
  269   1   0   0       0.97061231  s
  270   1   0   0       1.34147363  s
  270   2   1  -1       1.30826002  p_y
  270   2   1   0       1.36386285  p_z
  270   2   1   1       1.17540626  p_x
  271   1   0   0       1.06249064  s
  271   2   1  -1       0.92840000  p_y
  271   2   1   0       0.98901704  p_z
  271   2   1   1       1.02592334  p_x
  272   1   0   0       0.96869269  s
  273   1   0   0       1.38725077  s
  273   2   1  -1       1.15722398  p_y
  273   2   1   0       1.35898159  p_z
  273   2   1   1       1.29981563  p_x
  274   1   0   0       1.05917279  s
  274   2   1  -1       0.92390547  p_y
  274   2   1   0       1.01335583  p_z
  274   2   1   1       1.00601994  p_x
  275   1   0   0       0.96376971  s
  276   1   0   0       1.33852144  s
  276   2   1  -1       1.18767461  p_y
  276   2   1   0       1.36285514  p_z
  276   2   1   1       1.28816215  p_x
  277   1   0   0       1.06997072  s
  277   2   1  -1       0.99367492  p_y
  277   2   1   0       0.96207670  p_z
  277   2   1   1       0.99262856  p_x
  278   1   0   0       1.07607666  s
  278   2   1  -1       0.99015144  p_y
  278   2   1   0       0.98013660  p_z
  278   2   1   1       0.99921389  p_x
  279   1   0   0       1.07569804  s
  279   2   1  -1       0.98910313  p_y
  279   2   1   0       0.96593272  p_z
  279   2   1   1       0.99648791  p_x
  280   1   0   0       1.06915558  s
  280   2   1  -1       0.99993696  p_y
  280   2   1   0       0.96928819  p_z
  280   2   1   1       1.01420466  p_x
  281   1   0   0       1.05582312  s
  281   2   1  -1       1.01304796  p_y
  281   2   1   0       0.85380690  p_z
  281   2   1   1       1.02518062  p_x
  282   1   0   0       1.06769633  s
  282   2   1  -1       1.00634957  p_y
  282   2   1   0       0.93014628  p_z
  282   2   1   1       1.02742777  p_x
  283   1   0   0       1.21888334  s
  283   2   1  -1       1.35819648  p_y
  283   2   1   0       1.14803664  p_z
  283   2   1   1       1.38530651  p_x
  284   1   0   0       1.05850283  s
  284   2   1  -1       0.98947044  p_y
  284   2   1   0       0.95755965  p_z
  284   2   1   1       1.04014385  p_x
  285   1   0   0       1.01992283  s
  285   2   1  -1       0.90805595  p_y
  285   2   1   0       1.00663384  p_z
  285   2   1   1       0.95382551  p_x
  286   1   0   0       0.96754262  s
  287   1   0   0       0.96200509  s
  288   1   0   0       0.95726912  s
  289   1   0   0       0.95103885  s
  290   1   0   0       0.81340658  s
  291   1   0   0       0.96219157  s
  292   1   0   0       1.71371742  s
  292   2   1  -1       1.52868900  p_y
  292   2   1   0       1.61983051  p_z
  292   2   1   1       1.61103855  p_x
  293   1   0   0       1.59699024  s
  293   2   1  -1       0.56243102  p_y
  293   2   1   0       0.53532499  p_z
  293   2   1   1       0.56777336  p_x
  293   3   2  -2       0.18246066  d_xy
  293   3   2  -1       0.20393523  d_yz
  293   3   2   0       0.21126416  d_z2
  293   3   2   1       0.20998182  d_xz
  293   3   2   2       0.19840797  d_x2-y2
  294   1   0   0       1.75032612  s
  294   2   1  -1       1.62211578  p_y
  294   2   1   0       1.72094401  p_z
  294   2   1   1       1.59028372  p_x
  295   1   0   0       1.77562400  s
  295   2   1  -1       1.74896346  p_y
  295   2   1   0       1.76494899  p_z
  295   2   1   1       1.53562134  p_x
  296   1   0   0       1.77112204  s
  296   2   1  -1       1.59735022  p_y
  296   2   1   0       1.66185760  p_z
  296   2   1   1       1.78179503  p_x
  297   1   0   0       0.08776053  s
  297   2   1  -1       0.05796431  p_y
  297   2   1   0       0.02459362  p_z
  297   2   1   1       0.02380933  p_x
  298   1   0   0       1.07179871  s
  298   2   1  -1       0.97191525  p_y
  298   2   1   0       0.98889546  p_z
  298   2   1   1       0.98854176  p_x
  299   1   0   0       1.07599326  s
  299   2   1  -1       0.99610519  p_y
  299   2   1   0       0.96364023  p_z
  299   2   1   1       1.00918113  p_x
  300   1   0   0       1.07669210  s
  300   2   1  -1       0.97891157  p_y
  300   2   1   0       0.97790153  p_z
  300   2   1   1       0.99657341  p_x
  301   1   0   0       1.06849517  s
  301   2   1  -1       0.99312669  p_y
  301   2   1   0       0.96936351  p_z
  301   2   1   1       1.02213925  p_x
  302   1   0   0       1.05648999  s
  302   2   1  -1       0.90860935  p_y
  302   2   1   0       0.98789158  p_z
  302   2   1   1       0.99682598  p_x
  303   1   0   0       1.06982528  s
  303   2   1  -1       0.97300784  p_y
  303   2   1   0       0.96309241  p_z
  303   2   1   1       1.02889314  p_x
  304   1   0   0       1.21635433  s
  304   2   1  -1       1.30773195  p_y
  304   2   1   0       1.12985205  p_z
  304   2   1   1       1.45341793  p_x
  305   1   0   0       1.05925385  s
  305   2   1  -1       1.01637200  p_y
  305   2   1   0       0.90073067  p_z
  305   2   1   1       1.07000533  p_x
  306   1   0   0       1.01993221  s
  306   2   1  -1       1.02936422  p_y
  306   2   1   0       0.76435393  p_z
  306   2   1   1       1.07211283  p_x
  307   1   0   0       0.95580794  s
  308   1   0   0       0.95652144  s
  309   1   0   0       0.95438364  s
  310   1   0   0       0.95910752  s
  311   1   0   0       0.81988384  s
  312   1   0   0       0.95963753  s
  313   1   0   0       1.71247930  s
  313   2   1  -1       1.76607953  p_y
  313   2   1   0       1.33878602  p_z
  313   2   1   1       1.65896809  p_x
  314   1   0   0       1.59664784  s
  314   2   1  -1       0.55192608  p_y
  314   2   1   0       0.56169961  p_z
  314   2   1   1       0.53753778  p_x
  314   3   2  -2       0.18101144  d_xy
  314   3   2  -1       0.21007886  d_yz
  314   3   2   0       0.20901360  d_z2
  314   3   2   1       0.19484832  d_xz
  314   3   2   2       0.20198945  d_x2-y2
  315   1   0   0       1.75341695  s
  315   2   1  -1       1.77278837  p_y
  315   2   1   0       1.40189429  p_z
  315   2   1   1       1.77032509  p_x
  316   1   0   0       1.77995985  s
  316   2   1  -1       1.77321282  p_y
  316   2   1   0       1.79010614  p_z
  316   2   1   1       1.48889426  p_x
  317   1   0   0       1.77189673  s
  317   2   1  -1       1.40416368  p_y
  317   2   1   0       1.80891145  p_z
  317   2   1   1       1.82991213  p_x
  318   1   0   0       0.09130447  s
  318   2   1  -1       0.05148334  p_y
  318   2   1   0       0.03445630  p_z
  318   2   1   1       0.04417377  p_x
  319   1   0   0       1.07186144  s
  319   2   1  -1       0.98584846  p_y
  319   2   1   0       0.97219847  p_z
  319   2   1   1       0.99228532  p_x
  320   1   0   0       1.07670202  s
  320   2   1  -1       0.97855530  p_y
  320   2   1   0       0.97965447  p_z
  320   2   1   1       1.01024554  p_x
  321   1   0   0       1.07536189  s
  321   2   1  -1       0.98335378  p_y
  321   2   1   0       0.98146427  p_z
  321   2   1   1       0.99134310  p_x
  322   1   0   0       1.06749033  s
  322   2   1  -1       0.98958069  p_y
  322   2   1   0       0.97183981  p_z
  322   2   1   1       1.02349269  p_x
  323   1   0   0       1.05758930  s
  323   2   1  -1       1.00389280  p_y
  323   2   1   0       0.90590690  p_z
  323   2   1   1       0.98502093  p_x
  324   1   0   0       1.06952889  s
  324   2   1  -1       0.99804285  p_y
  324   2   1   0       0.93752553  p_z
  324   2   1   1       1.02544221  p_x
  325   1   0   0       1.22148828  s
  325   2   1  -1       1.21436338  p_y
  325   2   1   0       1.19963544  p_z
  325   2   1   1       1.47323777  p_x
  326   1   0   0       1.06841397  s
  326   2   1  -1       0.96660830  p_y
  326   2   1   0       0.95073147  p_z
  326   2   1   1       1.06404035  p_x
  327   1   0   0       1.02491480  s
  327   2   1  -1       0.86141735  p_y
  327   2   1   0       0.98464606  p_z
  327   2   1   1       1.02533628  p_x
  328   1   0   0       0.96404851  s
  329   1   0   0       0.95770370  s
  330   1   0   0       0.95630694  s
  331   1   0   0       0.96064958  s
  332   1   0   0       0.81692951  s
  333   1   0   0       0.95796468  s
  334   1   0   0       1.72280769  s
  334   2   1  -1       1.46325459  p_y
  334   2   1   0       1.62581719  p_z
  334   2   1   1       1.68542223  p_x
  335   1   0   0       1.59939244  s
  335   2   1  -1       0.54403961  p_y
  335   2   1   0       0.52369552  p_z
  335   2   1   1       0.53991809  p_x
  335   3   2  -2       0.18672975  d_xy
  335   3   2  -1       0.20122830  d_yz
  335   3   2   0       0.19799253  d_z2
  335   3   2   1       0.19036332  d_xz
  335   3   2   2       0.20378299  d_x2-y2
  336   1   0   0       1.75264229  s
  336   2   1  -1       1.50524408  p_y
  336   2   1   0       1.80308947  p_z
  336   2   1   1       1.66866294  p_x
  337   1   0   0       1.79322094  s
  337   2   1  -1       1.68322316  p_y
  337   2   1   0       1.53818445  p_z
  337   2   1   1       1.83099911  p_x
  338   1   0   0       1.77614502  s
  338   2   1  -1       1.83763730  p_y
  338   2   1   0       1.77926610  p_z
  338   2   1   1       1.44376619  p_x
  339   1   0   0       0.09858647  s
  339   2   1  -1       0.04456244  p_y
  339   2   1   0       0.06562620  p_z
  339   2   1   1       0.03689170  p_x
  340   1   0   0       1.07070542  s
  340   2   1  -1       0.97762159  p_y
  340   2   1   0       0.98330188  p_z
  340   2   1   1       0.99072329  p_x
  341   1   0   0       1.07451266  s
  341   2   1  -1       0.99310486  p_y
  341   2   1   0       0.98480509  p_z
  341   2   1   1       0.99514004  p_x
  342   1   0   0       1.07494003  s
  342   2   1  -1       0.98289085  p_y
  342   2   1   0       0.99347473  p_z
  342   2   1   1       0.98188634  p_x
  343   1   0   0       1.06826149  s
  343   2   1  -1       0.99831350  p_y
  343   2   1   0       0.97981267  p_z
  343   2   1   1       1.00510131  p_x
  344   1   0   0       1.05884444  s
  344   2   1  -1       0.93170286  p_y
  344   2   1   0       0.98236232  p_z
  344   2   1   1       0.98385026  p_x
  345   1   0   0       1.07076868  s
  345   2   1  -1       0.98509669  p_y
  345   2   1   0       0.97537499  p_z
  345   2   1   1       1.00303394  p_x
  346   1   0   0       1.20857387  s
  346   2   1  -1       1.28548861  p_y
  346   2   1   0       1.26170081  p_z
  346   2   1   1       1.33114077  p_x
  347   1   0   0       1.06521009  s
  347   2   1  -1       1.01528813  p_y
  347   2   1   0       0.96022807  p_z
  347   2   1   1       1.00059325  p_x
  348   1   0   0       1.02045032  s
  348   2   1  -1       1.04584575  p_y
  348   2   1   0       0.90619792  p_z
  348   2   1   1       0.91479672  p_x
  349   1   0   0       0.96235516  s
  350   1   0   0       0.96856037  s
  351   1   0   0       0.96122672  s
  352   1   0   0       0.95984219  s
  353   1   0   0       0.82467212  s
  354   1   0   0       0.94814420  s
  355   1   0   0       1.72226342  s
  355   2   1  -1       1.61852797  p_y
  355   2   1   0       1.54119878  p_z
  355   2   1   1       1.61661403  p_x
  356   1   0   0       1.59634751  s
  356   2   1  -1       0.51813815  p_y
  356   2   1   0       0.54398591  p_z
  356   2   1   1       0.55411442  p_x
  356   3   2  -2       0.18322343  d_xy
  356   3   2  -1       0.19182626  d_yz
  356   3   2   0       0.20228099  d_z2
  356   3   2   1       0.19064632  d_xz
  356   3   2   2       0.19492953  d_x2-y2
  357   1   0   0       1.74166153  s
  357   2   1  -1       1.72531630  p_y
  357   2   1   0       1.55184293  p_z
  357   2   1   1       1.66789683  p_x
  358   1   0   0       1.77972803  s
  358   2   1  -1       1.66490860  p_y
  358   2   1   0       1.62551665  p_z
  358   2   1   1       1.72189722  p_x
  359   1   0   0       1.76979835  s
  359   2   1  -1       1.76907281  p_y
  359   2   1   0       1.77614460  p_z
  359   2   1   1       1.50267193  p_x
  360   1   0   0       0.08255106  s
  360   2   1  -1       0.02229434  p_y
  360   2   1   0       0.02208027  p_z
  360   2   1   1       0.04533838  p_x

Fermi level:                        -0.3121651270 H           -8.4944 eV
Band energy:                      -561.0934909310 H       -15268.1307 eV
TS:                                  0.0000000000 H            0.0000 eV
Band free energy (E-TS):          -561.0934909310 H       -15268.1307 eV
Extrapolated E(0K):               -561.0934909310 H       -15268.1307 eV
Input / Output electrons (q):   1064.0000000000   1064.0000000000

Energy H0:                        -596.4045585697 H       -16228.9938 eV
Energy SCC:                          8.4773049673 H          230.6792 eV
Total Electronic energy:          -587.9272536024 H       -15998.3146 eV
Repulsive energy:                    0.0000000000 H            0.0000 eV
Total energy:                     -587.9272536024 H       -15998.3146 eV
Extrapolated to 0:                -587.9272536024 H       -15998.3146 eV
